PRIOR PROBABILITIES
(0.5424656008363395, 0.45753439916366045)

CHARGE STATE MODELS
Charge	Pos	Neg	Ratio
2	0.695496087615	0.440500346548	1.57887750388
3	0.251082032837	0.352138785436	0.713020102362
4	0.0534218795482	0.207360868016	0.257627584507

SPECTRUM MATCH MODELS (MULTIVARIATE GAUSSIAN OVER SPECTRUM MATCH SCORE, PEPTIDE LENGTH)
Charge 2 Pos Mean (7.071357863131069, 10.908390464393218), Pos Sigma [1.7690105818034934, -1.5158594055067858, -1.5158594055067858, 10.336413883504513]
Charge 2 Neg Mean (1.9838750818678643, 9.837266750621959), Neg Sigma [6.019503802948453, -3.4413719947668246, -3.4413719947668246, 9.01846142728439]
Charge 3 Pos Mean (6.215392902066995, 15.720269374019951), Pos Sigma [4.604181349187246, -5.614210593054716, -5.614210593054716, 20.857652513240136]
Charge 3 Neg Mean (0.673684128267403, 15.997538791161022), Neg Sigma [3.4570862266593108, -5.175389915136073, -5.175389915136073, 27.730959908570046]
Charge 4 Pos Mean (4.171833057959051, 21.45378327705388), Pos Sigma [5.32427854526183, -12.826939154932473, -12.826939154932473, 61.11263386282709]
Charge 4 Neg Mean (-0.31251566242749074, 23.017015277286486), Neg Sigma [2.5721248411243622, -8.198603743564043, -8.198603743564043, 64.1550139718929]

CONTEXT MODELS
Pos defaultdict(<function <lambda> at 0x8068848>, {'n-ragged': 0.13444172268040075, 'c-ragged': 0.005440053924541485, 'full': 0.8582194232590606, 'nonspecific': 0.0018988001359960716})
Neg defaultdict(<function <lambda> at 0x80687d0>, {'n-ragged': 0.38776037781980255, 'c-ragged': 0.10849091461249843, 'full': 0.15942468365153553, 'nonspecific': 0.3443240239161638})


MISSED CLEAVAGE MODELS
Num Missed	Pos	Neg	Ratio
0	0.420033659878	0.409252317632	1.02634399802
1	0.437403201844	0.339827445419	1.28713324289
2	0.117982622447	0.153353253429	0.769351936194
3	0.0221214261722	0.0571606372884	0.387004540565
4	0.00196233438997	0.0229653845757	0.0854474865639
5	0.000496755268683	0.00942766004765	0.0526912580823
6	1e-40	0.00375623512879	2.66224015727e-38
7	1e-40	0.00225374107727	4.43706692878e-38
8	1e-40	0.00125207837626	7.9867204718e-38
9	1e-40	0.000751247025758	1.33112007863e-37

DB MATCH MODELS
Acc	Pos	Neg	Ratio
4	0.000211423804657	0.000500577040213	0.422360171708
5	0.0142534322913	0.10680607496	0.133451512909
6	0.0831966756465	0.55143878367	0.150872006305
7	0.144233935869	0.280491667601	0.514218255047
8	0.146156658527	0.0455758714461	3.20688675585
9	0.134478316817	0.00683474872758	19.6756782402
10	0.11161405822	0.0041437888752	26.9352666319
11	0.0972454051301	0.00139682815115	69.6187323042
12	0.0795700534658	0.00231996621444	34.2979363107
13	0.0583014790362	0.000241275265041	241.638856044
14	0.0426642807192	1e-40	4.26642807192e+38
15	0.0310477686422	1e-40	3.10477686422e+38
16	0.0240778593947	0.000250418048089	96.1506551879
17	0.01288376794	1e-40	1.288376794e+38
18	0.00612507000425	1e-40	6.12507000425e+37
19	0.00739232586719	1e-40	7.39232586719e+37
20	0.0025345117259	1e-40	2.5345117259e+37
21	0.000844837241965	1e-40	8.44837241965e+36
22	0.0023233024154	1e-40	2.3233024154e+37
23	0.000422418620983	1e-40	4.22418620983e+36
24	0.000211209310491	1e-40	2.11209310491e+36
26	0.000211209310491	1e-40	2.11209310491e+36

UNIQUE SIBLING COUNT MODELS
Num Siblings	Pos	Neg	Ratio
1	0.181053222705	0.620474509183	0.291798003022
2	0.189186700191	0.222186102435	0.851478549368
3	0.143311015951	0.0707359137569	2.026000773
4	0.110720115524	0.0372568838179	2.97180290401
5	0.0710813176655	0.0158902736412	4.47325950895
6	0.0545852875176	0.00589937941796	9.25271687924
7	0.0276052040606	0.00408160601489	6.76331913466
8	0.0282535230453	0.00231127816394	12.2241984916
9	0.0258572057097	0.00339950939974	7.6061580273
10	0.037895751936	0.00214788686388	17.6432718935
11	0.0188557560611	0.00343690695559	5.48625735429
12	0.0275842198058	0.00185274445803	14.8883024241
13	0.0124609673698	0.0042575243373	2.92681060225
14	0.00485781268953	1e-05	485.781268953
15	0.0268838413326	0.00218230144547	12.3190319964
16	0.0135613088244	0.00145043463268	9.34982419671
18	0.0039665658259	0.000305446952366	12.9861037905
19	0.00969845843364	0.000270777737481	35.8170450933
39	0.0125817654806	0.00186056163584	6.76234812018

PPM Error DISTRIBUTIONS
PPM	Pos	Neg	Ratio
-15	0.00367545764756	0.168929921725	0.0217572920773
-14.75	1e-40	0.00125207837626	7.9867204718e-38
-14.5	0.000211209363397	0.00275457236505	0.076675917495
-14.25	0.000210999419351	0.00225398993009	0.0936115181945
-14.0	1.33020191818e-11	0.00125207836049	1.06239510253e-08
-13.75	1e-40	0.000500831350505	1.99668011795e-37
-13.5	1e-40	0.000751247025758	1.33112007863e-37
-13.25	1e-40	0.00225374107727	4.43706692878e-38
-13.0	1e-40	0.000751247025758	1.33112007863e-37
-12.75	0.000211233365511	0.00225371255697	0.0937268441166
-12.5	1e-40	0.000250415675253	3.9933602359e-37
-12.25	1e-40	0.00100166270101	9.98340058975e-38
-12.0	1e-40	0.000250415675253	3.9933602359e-37
-11.75	0.00019977053047	0.00151605618955	0.131769872283
-11.5	1e-40	0.00175290972677	5.704800337e-38
-11.25	0.000210485694019	0.00200418334198	0.105023173085
-11.0	0.00021140084803	0.00275434533551	0.0767517585047
-10.75	0.000211127067725	0.00200342291135	0.105383175229
-10.5	0.000422260881843	0.00375642214873	0.112410390825
-10.25	0.000211790046753	0.0027538838906	0.0769059463531
-10.0	0.00049373984461	0.00442292171385	0.111632056038
-9.75	9.06370415641e-05	0.00389918898849	0.0232451009252
-9.5	1e-40	0.00275457242778	3.63032748718e-38
-9.25	0.000360094745919	0.00357971238573	0.100593206134
-9.0	1e-40	0.00275457242778	3.63032748718e-38
-8.75	1e-40	0.000751247025758	1.33112007863e-37
-8.5	0.000171332815632	0.00305226679242	0.056132975026
-8.25	0.000180234483001	0.00404337542723	0.0445752530886
-8.0	1e-40	0.00150249405152	6.65560039317e-38
-7.75	0.000211321329358	0.00200319258931	0.105492267935
-7.5	0.000211390116537	0.00325518940957	0.0649394213177
-7.25	0.000286025823601	0.00416836192547	0.0686182794861
-7.0	0.000182388932239	0.00228791132509	0.0797185320246
-6.75	0.000205918751127	0.00476417046519	0.0432223726317
-6.5	0.000381788105453	0.00305316078045	0.125046839294
-6.25	0.000211582117447	0.0065103655462	0.0324992684274
-6.0	1e-40	0.00250415675253	3.9933602359e-38
-5.75	3.30613770525e-38	0.00400665080404	8.25162427911e-36
-5.5	0.000212491498559	0.00325388358019	0.0653039647308
-5.25	0.000410286929562	0.00452186582775	0.0907339901695
-5.0	0.000395039654351	0.00328786504811	0.120150811719
-4.75	0.00021120947335	0.000250415482162	0.843436162679
-4.5	0.000631588517221	0.00425948446596	0.148278159544
-4.25	0.00021152618414	0.00475752213553	0.0444614188046
-4.0	3.99501882213e-24	0.00275457242778	1.45032266418e-21
-3.75	1e-40	0.00325540377828	3.07181556608e-38
-3.5	0.000653363552309	0.00473449872487	0.138000576255
-3.25	0.000414199732551	0.00501805804942	0.0825418375938
-3.0	0.000632142643166	0.00400841180347	0.157704016992
-2.75	1e-40	0.00125207837626	7.9867204718e-38
-2.5	0.000324127881854	0.00662734381036	0.0489076606148
-2.25	0.00146492267503	0.00627644824681	0.233399944909
-2.0	1e-40	0.00175290972677	5.704800337e-38
-1.75	0.000629602798244	0.00551391716627	0.11418430478
-1.5	0.000500452780762	0.00416454699344	0.120169800353
-1.25	0.00126513544985	0.00726456860349	0.174151490461
-1.0	0.00148565786077	0.00725352673074	0.204818692467
-0.75	0.00267980215307	0.00884270390853	0.303052344711
-0.5	0.00276246437435	0.00799345023755	0.345590989155
-0.25	0.00617108446654	0.00695708287155	0.887021842412
0.0	0.00934503160219	0.00619895033685	1.50751838527
0.25	0.0157518628207	0.00987153715211	1.59568490479
0.5	0.0197228491038	0.0126758948309	1.55593347586
0.75	0.027544838812	0.00790940686522	3.4825416471
1.0	0.0394238571154	0.0126064856345	3.12726784121
1.25	0.0494328075691	0.0152637027545	3.23858557548
1.5	0.0583529304987	0.0144539664592	4.03715690524
1.75	0.0652424919105	0.0147996424065	4.40838299456
2.0	0.0661514128505	0.0169774040561	3.89643862112
2.25	0.0631103185709	0.0140722030695	4.48475041605
2.5	0.0589010456247	0.0115503647339	5.09949659442
2.75	0.0597311272046	0.0130703535116	4.56997028822
3.0	0.0575541834539	0.0118951638777	4.83845233623
3.25	0.0595758553349	0.0110007071128	5.41563871522
3.5	0.0541647134889	0.010404669564	5.20580813797
3.75	0.0461347900394	0.011160623119	4.1337109539
4.0	0.0416314640623	0.0134949044487	3.08497657175
4.25	0.0372363432098	0.00843884016927	4.41249537412
4.5	0.0358850375705	0.0105418173408	3.40406558096
4.75	0.0293286657248	0.0113035965615	2.59463132509
5.0	0.0216931039507	0.00833658008834	2.60215864549
5.25	0.0136372772903	0.0088728295406	1.53697050393
5.5	0.011829738869	0.00700924692446	1.68773321821
5.75	0.00591459950152	0.0100157510589	0.590529803179
6.0	0.00358064849005	0.00777463525545	0.460555173638
6.25	0.00359582587485	0.00500206809508	0.718867837562
6.5	0.00279934645123	0.00644722776249	0.434193820097
6.75	0.00105613173232	0.00425696548766	0.248094971731
7.0	0.00126611363311	0.00701299316676	0.180538267043
7.25	0.000791097061076	0.00457119801847	0.173061210186
7.5	1e-40	0.00125207837626	7.9867204718e-38
7.75	0.00105617870417	0.00776272925006	0.136057650621
8.0	1e-40	0.00200332540202	4.99170029488e-38
8.25	0.000410428547116	0.003520035221	0.116597852393
8.5	0.000634687705598	0.00625913538343	0.101401817778
8.75	1e-40	0.00250415675253	3.9933602359e-38
9.0	1e-40	0.00150249405152	6.65560039317e-38
9.25	0.000297329303088	0.00465579155405	0.0638622454714
9.5	1e-40	0.00200332540202	4.99170029488e-38
9.75	1e-40	0.00100166270101	9.98340058975e-38
10.0	0.000211210579434	0.00200332389753	0.105430070342
10.25	1e-40	0.000500831350505	1.99668011795e-37
10.5	0.000205162557931	0.000758416224984	0.270514463131
10.75	0.000211209314436	0.000500831345828	0.421717442799
11.0	1e-40	0.000500831350505	1.99668011795e-37
11.25	1e-40	0.000751247025758	1.33112007863e-37
11.5	0.000174321188536	0.00154622964228	0.112739520554
11.75	1e-40	0.000751247025758	1.33112007863e-37
12.0	0.000124138983295	0.00285780544686	0.0434385704706
12.25	0.00021021585636	0.00125325624331	0.167735734398
12.5	0.000195681467661	0.00127048862171	0.154020637664
12.75	1e-40	0.000500831350505	1.99668011795e-37
13.0	1e-40	0.000751247025758	1.33112007863e-37
13.25	1e-40	0.000500831350505	1.99668011795e-37
13.5	1e-40	0.000751247025758	1.33112007863e-37
13.75	0.000211227732	0.00325538193723	0.0648856988438
14.0	1e-40	0.000500831350505	1.99668011795e-37
14.25	1e-40	0.00350581945354	2.8524001685e-38
14.5	1e-40	0.00200332540202	4.99170029488e-38
14.75	1e-40	0.000250415675253	3.9933602359e-37
15	0.00585541102855	0.271519891534	0.0215653114601
MOD MODELS

MODIFIED DISTRIBUTIONS
Modified?	Pos	Neg	Ratio
No	0.756469851595	0.0329015547139	22.9919181076
Yes	0.243530148405	0.967098445286	0.251815262026

NUM MODS PER PEPTIDE DISTRIBUTIONS
Modified?	Num Mods	Pos	Neg	Ratio
No	0	1.0	1.0	0.999999999999
Yes	1	0.939972892525	0.489694163975	1.91951009768
Yes	2	0.0600271074754	0.460331373178	0.130399774973
Yes	3	1e-10	0.0445368269936	2.24533283465e-09
Yes	4	1e-10	0.00543763585389	1.83903451218e-08

MOD CONTEXT VARIANT DISTRIBUTIONS
Num Variants	Pos	Neg	Ratio
1	0.729982598272	0.984583190811	0.741412818221
2	0.210627406755	0.0114577954074	18.3828912339
3	0.0317407233543	0.00318506428532	9.96548907995
4	0.00696990724416	1e-10	69699072.4416
5	0.0116349912178	0.000228506288304	50.9175975163
6	0.00904437315739	0.00054544320552	16.58169552

MOD SIZE DISTRIBUTIONS
Modified?	Size Bin	Pos	Neg	Ratio
No	Indeterminate	1.0	1.0	0.999999999999
Yes	0	0.986515702019	0.816297957129	1.20852403636
Yes	1	1e-10	0.0587782542299	1.70130946062e-09
Yes	2	0.00888238076057	0.0651890639023	0.13625568813
Yes	3	0.00354619062658	0.0300134569402	0.118153354798
Yes	4	0.00105572659423	0.0115958149525	0.0910437600593
Yes	5	1e-10	0.00621444097587	1.60915519816e-08
Yes	6	1e-10	0.00388402560993	2.57464831705e-08
Yes	7	1e-10	0.00207148032531	4.82746559445e-08
Yes	8	1e-10	0.00595550593521	1.67911846765e-08

NUM MODS OCCURRENCES DISTRIBUTIONS
NUM MODS 0
Num Occurrences	Pos	Neg	Ratio
2874	1.0	1.0	1.0
NUM MODS 1
Num Occurrences	Pos	Neg	Ratio
1	0.0463677047522	0.395384826177	0.117272342494
2	0.0213382365439	0.196635036799	0.108516960616
3	0.0126534085482	0.12441194449	0.101705737339
4	0.0092375276533	0.0793091115611	0.116474985931
5	0.00719043613697	0.0498136782731	0.144346620973
6	0.00538012277728	0.0191250126094	0.281313423795
7	0.0162466221393	0.0181852470723	0.893395733076
8	0.0214509653437	0.0226054677646	0.948928178221
9	0.0156885379001	0.00898723808662	1.74564618728
10	0.00524788929317	0.0133843361447	0.392091862938
11	0.00485790639687	0.00303245260371	1.60197273683
12	0.00727134352873	0.0228000977536	0.318917208483
13	0.00375125575503	0.00525296688019	0.714121341441
17	0.00837011484228	0.00472103225176	1.77294167799
27	0.0257998265349	0.000548740958049	47.016403927
33	0.00852884039539	0.013619139798	0.626239286908
45	0.0473302391154	0.00248669170732	19.0334165575
68	0.0706427046126	0.00710475253277	9.94302113786
79	0.0905949132695	0.00360192544374	25.1518013586
82	0.0925746859032	0.00193857369197	47.7540195076
445	0.47947671856	0.00705172740261	67.994222009
NUM MODS 2
Num Occurrences	Pos	Neg	Ratio
1	0.183669663601	0.976094210375	0.188167967445
2	0.23237665554	0.0179529574995	12.943642046
3	0.0285916541922	0.000574359268344	49.7800867298
4	0.144002937196	0.00114363417865	125.916958311
5	0.0866890331442	1e-10	866890331.442
6	0.192354397334	0.00263619472797	72.966687663
9	0.132315659002	0.00159864395092	82.767434816
NUM MODS 3
Num Occurrences	Pos	Neg	Ratio
1	1.0	1.0	1.0
NUM MODS 4
Num Occurrences	Pos	Neg	Ratio
1	1.0	1.0	1.0

NUMBER SINGLE MODS ON SAME CONTEXT (FOR MULTI-MODDED PEPTIDES)
Num Mods	Num Single Mods Found	Pos	Neg	Ratio
0	0	1.0	1.0	1.0
1	1	1.0	1.0	1.0
2	0	0.422073112477	0.999999999996	0.422073112478
2	1	0.390100649049	1e-10	3901006490.49
2	2	0.187826238477	1e-10	1878262384.77
3	0	1.0	1.0	1.0
4	0	1.0	1.0	1.0

MOD CLASS DISTRIBUTIONS
Modified?	Mod Class	Pos	Neg	Ratio
No	Unmodified	1.0	1.0	0.999999999999
Yes	Defined Mod	0.929066553654	0.41915386551	2.21652865476
Yes	AA Sub	0.0115949217245	0.241490777575	0.0480139317986
Yes	Undefined Mod	0.0512093426645	0.271611003193	0.188539278831
Yes	Insertion/Deletion	0.00812918195686	0.0677443537223	0.119997926177

NUM MODS CONSIDERED 3111

Mod	Length	Over Cutoff (0.990000)	Over Cutoff Unique	Total	Unique	Average Error
()	0	3457	2640	3713	2874	0.00673235464275
(('carbamyl', 43.01, ('N-term', 'N-term')),)	1	514	427	533	445	0.00667558365759
(('oxidation', 15.99, ('M', 'Anywhere')),)	1	97	71	105	79	0.0057087628866
(('deamidated', 0.98, ('N', 'Anywhere')),)	1	95	73	104	82	0.00652631578947
(('acetyl', 42.01, ('N-term', 'N-term')),)	1	65	47	90	68	0.00655769230769
(('phospho', 79.97, ('S', 'Anywhere')),)	1	50	39	56	45	0.006875
(('gln->pyro-glu', -17.03, ('Q', 'N-term')),)	1	27	25	29	27	0.00826388888889
(('pyro-carbamidomethyl', -17.03, ('C', 'N-term')),)	1	16	9	16	9	0.0041015625
(('phospho', 79.97, ('S', 'Anywhere')), ('phospho', 79.97, ('S', 'Anywhere')))	2	11	5	12	6	-0.000681818181818
(('precursorerror:-1', -1.0, ('N-term', 'N-term')),)	1	8	7	18	17	0.010234375
(('carbamyl', 43.01, ('N-term', 'N-term')), ('deamidated', 0.98, ('N', 'Anywhere')))	2	8	5	12	9	0.005703125
(('glu->pyro-glu', -18.01, ('E', 'N-term')),)	1	8	7	8	7	0.006875
(('dethiomethyl', -48.0, ('M', 'Anywhere')),)	1	7	6	9	8	0.00642857142857
(('insertion', 128.09, 'K'),)	1	7	6	35	33	0.009375
(('carbamyl', 43.01, ('N-term', 'N-term')), ('oxidation', 15.99, ('M', 'Anywhere')))	2	6	5	6	5	0.0040625
(('dehydrated', -18.01, ('T', 'Anywhere')),)	1	6	4	14	12	0.00364583333333
(('carbamyl', 43.01, ('N-term', 'N-term')), ('phospho', 79.97, ('S', 'Anywhere')))	2	5	3	6	4	0.006375
(('dehydrated', -18.01, ('S', 'Anywhere')),)	1	5	4	11	10	0.006625
(('acetyl', 42.01, ('N-term', 'N-term')), ('oxidation', 15.99, ('M', 'Anywhere')))	2	4	3	6	4	-0.00046875
(('methyl', -43.01, ('C', 'Anywhere')),)	1	4	4	7	7	0.0071875
(('glu->pyro-glu', -18.01, ('E', 'N-term')), ('phospho', 79.97, ('S', 'Anywhere')))	2	4	2	4	2	0.0125
(('deamidated', 0.98, ('R', 'Anywhere')),)	1	4	4	9	8	0.00875
(('dehydrated', -18.01, ('D', 'Anywhere')),)	1	3	3	5	5	0.00854166666667
(('dimethyl', 28.03, ('R', 'Anywhere')),)	1	3	3	8	8	0.00708333333333
(('ammonia-loss', -17.03, ('N', 'Anywhere')),)	1	3	3	3	3	0.00375
(('deamidated', 0.98, ('N', 'Anywhere')), ('oxidation', 15.99, ('M', 'Anywhere')))	2	3	2	3	2	0.00729166666667
(('lys', 128.09, ('C-term', 'C-term')),)	1	3	3	9	7	0.00520833333333
(('oxidation', 15.99, ('M', 'Anywhere')), ('trp->kynurenin', 3.99, ('W', 'Anywhere')))	2	2	2	2	2	0.0075
(('dioxidation', 31.99, ('W', 'Anywhere')), ('oxidation', 15.99, ('M', 'Anywhere')))	2	2	2	2	2	0.0034375
(('undefined mass shift', -5.0, ()),)	1	2	2	6	6	-0.004375
(('thr->ser', -14.02, ('T', 'Anywhere')),)	1	2	1	3	2	0.00625
(('asn->thr', -13.0, ('N', 'Anywhere')),)	1	2	1	3	2	-0.036875
(('undefined mass shift', 22.0, ()),)	1	2	1	2	1	-0.01875
(('acetyl', 42.01, ('N-term', 'N-term')), ('deamidated', 0.98, ('N', 'Anywhere')))	2	2	2	2	2	-0.0096875
(('dehydrated', -18.01, ('Y', 'Anywhere')),)	1	2	2	4	4	0.0078125
(('precursorerror:-2', -2.01, ('N-term', 'N-term')),)	1	2	2	14	13	0.0375
(('carbamyl', 43.01, ('N-term', 'N-term')), ('deamidated', 0.98, ('R', 'Anywhere')))	2	2	2	2	2	0.0059375
(('precursorerror:+1', 1.0, ('N-term', 'N-term')),)	1	2	2	11	11	-0.0103125
(('undefined mass shift', 578.2, ()),)	1	1	1	1	1	0.011875
(('undefined mass shift', 12.0, ()),)	1	1	1	1	1	0.004375
(('delta:h(4)c(2)o(-1)s(1)', 44.01, ('S', 'Anywhere')),)	1	1	1	5	4	-0.015625
(('undefined mass shift', 560.3, ()),)	1	1	1	1	1	0.006875
(('delta:h(4)c(2)o(-1)s(1)', 44.01, ('S', 'Anywhere')), ('lys', 128.09, ('C-term', 'C-term')))	2	1	1	1	1	0.010625
(('didehydro', -2.02, ('S', 'Anywhere')),)	1	1	1	3	3	-0.004375
(('undefined mass shift', 544.3, ()),)	1	1	1	1	1	0.01
(('oxidation', 15.99, ('M', 'Anywhere')), ('precursorerror:+2', 2.01, ('N-term', 'N-term')))	2	1	1	1	1	-0.025625
(('methyl', 14.02, ('D', 'Anywhere')),)	1	1	1	2	2	0.008125
(('gln->arg', 28.04, ('Q', 'Anywhere')),)	1	1	1	4	4	0.0075
(('carbamidomethyl', 57.02, ('N-term', 'N-term')),)	1	1	1	8	8	0.01
(('dethiomethyl', -48.0, ('M', 'Anywhere')), ('undefined mass shift', 105.0, ()))	2	1	1	1	1	0.01375
(('deamidated', 0.98, ('N', 'Anywhere')), ('phospho', 79.97, ('S', 'Anywhere')))	2	1	1	1	1	0.006875
(('undefined mass shift', -86.0, ()),)	1	1	1	3	3	0.0075
(('phosphoribosyldephosphocoa', 881.15, ('S', 'Anywhere')),)	1	1	1	1	1	0.00125
(('formyl', 27.99, ('S', 'Anywhere')),)	1	1	1	5	5	0.004375
(('acetyl', 42.01, ('N-term', 'N-term')), ('dehydrated', -18.01, ('T', 'Anywhere')))	2	1	1	1	1	-0.011875
(('delta:h(2)c(2)', 26.02, ('N-term', 'N-term')),)	1	1	1	7	7	-0.0375
(('dioxidation', 31.99, ('W', 'Anywhere')),)	1	1	1	1	1	0.004375
(('precursorerror:+2', 2.01, ('N-term', 'N-term')),)	1	1	1	9	9	0.011875
(('undefined mass shift', 616.2, ()),)	1	1	1	1	1	-0.00125
(('oxidation', 15.99, ('M', 'Anywhere')), ('precursorerror:-1', -1.0, ('N-term', 'N-term')))	2	1	1	3	3	-0.00875
(('undefined mass shift', 577.3, ()),)	1	1	1	1	1	0.010625
(('undefined mass shift', 45.0, ()),)	1	1	1	3	3	0.006875
(('undefined mass shift', 39.0, ()),)	1	1	1	1	1	-0.003125
(('deamidated', 0.98, ('Q', 'Anywhere')),)	1	1	1	2	2	0.030625
(('undefined mass shift', 3.0, ()),)	1	1	1	1	1	0.010625
(('carbamidomethyldtt', 152.0, ('C', 'Anywhere')),)	1	1	1	1	1	0.005
(('methyl', 14.02, ('R', 'Anywhere')),)	1	1	1	3	3	0.004375
(('undefined mass shift', -72.0, ()),)	1	1	1	3	3	0.01625
(('dethiomethyl', -48.0, ('M', 'Anywhere')), ('methyl', 14.02, ('H', 'Anywhere')))	2	1	1	1	1	0.003125
(('gly->thr', 44.03, ('G', 'Anywhere')),)	1	1	1	2	2	0.0075
(('methyl', 14.02, ('N-term', 'N-term')), ('oxidation', 15.99, ('M', 'Anywhere')))	2	1	1	2	2	0.01
(('glu->gln', -0.98, ('E', 'Anywhere')),)	1	1	1	1	1	-0.0075
(('undefined mass shift', -36.0, ()),)	1	1	1	1	1	0.0
(('undefined mass shift', -4.0, ()),)	1	1	1	2	2	-0.00625
(('lys->asn', -14.05, ('K', 'Anywhere')),)	1	1	1	1	1	0.006875
(('undefined mass shift', 152.0, ()),)	1	1	1	1	1	-0.01625
(('nda', 175.04, ('N-term', 'N-term')),)	1	1	1	8	8	0.015625
(('carbamyl', 43.01, ('N-term', 'N-term')), ('phospho', 79.97, ('K', 'Anywhere')))	2	1	1	1	1	0.0025
(('undefined mass shift', 987.4, ()),)	1	1	1	1	1	0.011875
(('undefined mass shift', 4.0, ()),)	1	1	1	1	1	0.018125
(('hexnac', 203.08, ('T', 'Anywhere')),)	1	1	1	2	2	0.01125
(('undefined mass shift', -2.0, ()),)	1	1	1	1	1	0.0075
(('cys->dha', -91.01, ('C', 'Anywhere')),)	1	1	1	1	1	-0.000625
(('undefined mass shift', -18.0, ()),)	1	1	1	2	2	0.00375
(('caf', 135.98, ('N-term', 'N-term')),)	1	1	1	2	2	0.0025
(('undefined mass shift', -43.0, ()),)	1	1	1	1	1	0.01
(('gly->ala', 14.02, ('G', 'Anywhere')),)	1	1	1	2	2	0.006875
(('methylthio', 45.99, ('K', 'Anywhere')),)	1	1	1	1	1	-0.035625
(('phospho', 79.97, ('K', 'Anywhere')),)	1	1	1	4	4	0.00375
(('undefined mass shift', 240.2, ()),)	1	1	1	1	1	0.010625
(('carbamyl', 43.01, ('K', 'Anywhere')),)	1	1	1	3	3	0.01375
(('deamidated', 0.98, ('N', 'Anywhere')), ('methylamine', 13.03, ('S', 'Anywhere')))	2	1	1	1	1	0.015625
