PRIOR PROBABILITIES
(0.5443694704221369, 0.4556305295778631)

CHARGE STATE MODELS
Charge	Pos	Neg	Ratio
2	0.695334844204	0.439627484393	1.58164552693
3	0.2508627198	0.352823081548	0.711015613546
4	0.0538024359963	0.207549434059	0.259227090838

SPECTRUM MATCH MODELS (MULTIVARIATE GAUSSIAN OVER SPECTRUM MATCH SCORE, PEPTIDE LENGTH)
Charge 2 Pos Mean (7.067190712628583, 10.902214099768376), Pos Sigma [1.7767606194982286, -1.5017945941032, -1.5017945941032, 10.33700743313756]
Charge 2 Neg Mean (1.997128397717865, 9.824023217932927), Neg Sigma [5.986197885318842, -3.4779296984073516, -3.4779296984073516, 9.035793547219098]
Charge 3 Pos Mean (6.208458765002378, 15.735564519283598), Pos Sigma [4.662317838824863, -5.704367309857595, -5.704367309857595, 20.926670144119903]
Charge 3 Neg Mean (0.6761932789803345, 15.970909951632951), Neg Sigma [3.478986764026419, -5.234052664457735, -5.234052664457735, 27.623873545669234]
Charge 4 Pos Mean (4.123319681291549, 21.622934492648668), Pos Sigma [5.358642046729698, -12.859587468759045, -12.859587468759045, 60.01438030879051]
Charge 4 Neg Mean (-0.3124306147825552, 22.96730940311459), Neg Sigma [2.601363677197722, -8.394916755343955, -8.394916755343955, 64.67631012008366]

CONTEXT MODELS
Pos defaultdict(<function <lambda> at 0xa410050>, {'n-ragged': 0.14016865555777958, 'c-ragged': 0.003973144144969822, 'full': 0.8536420395054206, 'nonspecific': 0.002216160791826323})
Neg defaultdict(<function <lambda> at 0xa4100c8>, {'n-ragged': 0.3890175022281787, 'c-ragged': 0.10891388846561129, 'full': 0.1654940901907472, 'nonspecific': 0.33657451911546643})


MISSED CLEAVAGE MODELS
Num Missed	Pos	Neg	Ratio
0	0.418488873225	0.38967864386	1.0739333033
1	0.437802276929	0.356545265416	1.22790096909
2	0.119159026852	0.154358687582	0.771961907158
3	0.0219194520342	0.0572968986963	0.382559135537
4	0.00214051600095	0.0240975724634	0.0888270386657
5	0.000489854958521	0.0102276085346	0.0478953566581
6	1e-40	0.00352046865414	2.84053090154e-38
7	1e-40	0.00226315842052	4.41860362462e-38
8	1e-40	0.000754386140174	1.32558108739e-37
9	1e-40	0.0010058481869	9.94185815539e-38
10	1e-40	0.000251462046725	3.97674326216e-37

DB MATCH MODELS
Acc	Pos	Neg	Ratio
4	0.000211275945215	0.000501961934719	0.420900332478
5	0.0149017626694	0.106418210031	0.140030194692
6	0.0840080320868	0.552425974395	0.152071111752
7	0.144452641578	0.280799724748	0.514432988521
8	0.146822575785	0.0443599789841	3.30979813668
9	0.133408953447	0.00757901857329	17.6024048704
10	0.111227645026	0.00415639156172	26.7606271868
11	0.096933392502	0.00136910164768	70.800727372
12	0.0796789577426	0.00186705921692	42.6761813555
13	0.0580734437952	0.000271116038161	214.201432675
14	0.0425150673065	1e-40	4.25150673065e+38
15	0.0309391826439	2.5098187973e-17	1.23272575204e+15
16	0.0239936511571	0.000251462870072	95.4162781578
17	0.012838708444	1e-40	1.2838708444e+38
18	0.00610364827668	1e-40	6.10364827668e+37
19	0.00736647205806	1e-40	7.36647205806e+37
20	0.00252564756276	1e-40	2.52564756276e+37
21	0.000841882520921	1e-40	8.41882520921e+36
22	0.00231517693253	1e-40	2.31517693253e+37
23	0.000420941260461	1e-40	4.20941260461e+36
24	0.00021047063023	1e-40	2.1047063023e+36
26	0.00021047063023	1e-40	2.1047063023e+36

UNIQUE SIBLING COUNT MODELS
Num Siblings	Pos	Neg	Ratio
1	0.13973631258	0.456171496057	0.306324077212
2	0.168577913041	0.254490422966	0.66241358349
3	0.149580513441	0.124298845834	1.20339422653
4	0.119919654622	0.0699645248973	1.71400655973
5	0.0785159046259	0.0344379282469	2.27992532138
6	0.0677664189503	0.0201230907019	3.36759496611
7	0.0352200369055	0.00645266255672	5.45821768858
8	0.029068992686	0.00676075141534	4.29966891255
9	0.0269351150329	0.00402952168622	6.68444473819
10	0.0319725626406	0.0045489902503	7.02849662922
11	0.0207089069389	0.00467887543818	4.42604365355
12	0.0380417430219	0.00132116453126	28.7940995401
13	0.0124177763548	0.000754380211964	16.4608988384
14	0.0111463488135	0.00151904578682	7.33773063995
15	0.00738590047497	0.00198848909319	3.71432787851
16	0.0140524511372	0.000813031326907	17.2840217494
18	0.0120182117374	0.000477378191285	25.1754519935
19	0.0204208806709	0.00175399130894	11.642521013
21	0.00396764581032	0.000288858504212	13.7356032537
36	1e-05	0.00326900858741	0.00305903142577
42	0.0125467521615	0.00185759521494	6.75429827797

PPM Error DISTRIBUTIONS
PPM	Pos	Neg	Ratio
-15	0.00377199153636	0.1710138812	0.022056639554
-14.75	1e-40	0.000754386140174	1.32558108739e-37
-14.5	0.00021052965263	0.0035203981365	0.0598027962937
-14.25	0.000210286925259	0.00251483995073	0.0836184128526
-14.0	3.72990651477e-07	0.00150832664576	0.000247287716176
-13.75	1e-40	0.000502924093449	1.98837163108e-37
-13.5	1e-40	0.000251462046725	3.97674326216e-37
-13.25	0.000210207213405	0.0022634731406	0.0928693208829
-13.0	4.36839181582e-33	0.000754386140174	5.79065757333e-30
-12.75	0.000210472942123	0.00251461770509	0.0836997773844
-12.5	1e-40	0.000251462046725	3.97674326216e-37
-12.25	1e-40	0.0010058481869	9.94185815539e-38
-12.0	1e-40	0.000251462046725	3.97674326216e-37
-11.75	0.000146616189421	0.00183652510627	0.0798334794991
-11.5	1e-40	0.00125731023362	7.95348652431e-38
-11.25	0.000210175357202	0.00226351120115	0.0928536855021
-11.0	0.000209171628365	0.00276763451041	0.0755777641804
-10.75	0.000210215418562	0.00201200129068	0.104480757312
-10.5	0.00042059453549	0.00377234495425	0.111494187459
-10.25	0.000210999311959	0.00251398881907	0.083930091637
-10.0	0.000441870589143	0.00424984925402	0.10397323828
-9.75	0.000151882908351	0.00359046696432	0.0423017144735
-9.5	1e-40	0.00176023432707	5.68106180308e-38
-9.25	0.000186030123612	0.00354966921201	0.0524077350594
-9.0	6.66366672436e-19	0.00251462046725	2.64996917473e-16
-8.75	1e-40	0.000251462046725	3.97674326216e-37
-8.5	0.000143040371825	0.00309810758638	0.0461702403278
-8.25	0.000196745931149	0.00403979047928	0.0487020136708
-8.0	1e-40	0.00125731023362	7.95348652431e-38
-7.75	0.000210295285705	0.00201190586855	0.104525409957
-7.5	0.000210489057257	0.00301752254481	0.0697555872843
-7.25	0.000282134910119	0.0044406951727	0.0635339511374
-7.0	4.44469283883e-08	0.00176018122363	2.52513365054e-05
-6.75	0.000200082050044	0.00453872870883	0.0440832803368
-6.5	0.000249354280505	0.0032225499485	0.0773779412237
-6.25	3.11793587558e-07	0.00628617864938	4.95998610522e-05
-6.0	1e-40	0.0010058481869	9.94185815539e-38
-5.75	0.000268703693477	0.00370235612291	0.0725764039321
-5.5	0.000209360864893	0.00327033251148	0.0640182196026
-5.25	0.000316306813167	0.0043998679244	0.0718900700207
-5.0	0.000336561267366	0.00362128255746	0.0929397974408
-4.75	1e-40	0.000251462046725	3.97674326216e-37
-4.5	0.000631344579651	0.00452639726163	0.139480594203
-4.25	0.000211341524144	0.00477673837791	0.0442438977025
-4.0	4.64737574526e-32	0.00226315842052	2.0534911313e-29
-3.75	1e-40	0.00125731023362	7.95348652431e-38
-3.5	0.000662320164948	0.00474085089503	0.139704913657
-3.25	0.000419581146122	0.00477940389899	0.0877894304373
-3.0	0.000625286990921	0.0040307105374	0.155130710856
-2.75	1e-40	0.00125731023362	7.95348652431e-38
-2.5	0.000357243407678	0.00661411690881	0.054012260836
-2.25	0.00150086790756	0.00700799357776	0.214165137411
-2.0	1e-40	0.00125731023362	7.95348652431e-38
-1.75	0.000629154616987	0.00528339988323	0.119081392833
-1.5	0.000426540012175	0.00401670357883	0.106191558278
-1.25	0.00125476515508	0.00705056543864	0.177966599417
-1.0	0.00169818792795	0.00727516745688	0.233422520926
-0.75	0.00264496040797	0.00865862133168	0.305471310807
-0.5	0.00275665510342	0.00777078675408	0.354745946667
-0.25	0.0061659793472	0.00696646659211	0.885094224693
0.0	0.0093674846412	0.00641044035315	1.4612856723
0.25	0.0158424867492	0.00948723002761	1.66987484261
0.5	0.0199100909396	0.0131771258081	1.51095855269
0.75	0.0273013449998	0.00836973835709	3.26191140451
1.0	0.0396203025874	0.0132655710712	2.98670161841
1.25	0.049567149714	0.0149604191228	3.31321932274
1.5	0.0587669267092	0.015033216773	3.90913851618
1.75	0.065298513363	0.0160307050796	4.07334007076
2.0	0.0663050514643	0.016588367196	3.99708124861
2.25	0.0629865744244	0.0142666021245	4.41496677869
2.5	0.0585837208389	0.0127374834876	4.59931672501
2.75	0.0594619006351	0.0134485030682	4.42145124507
3.0	0.0577188182276	0.0125135249412	4.61251473895
3.25	0.059707245627	0.0121495263162	4.91436818795
3.5	0.0542555111152	0.0111191832949	4.87945109601
3.75	0.0462848975697	0.0120924498746	3.82758647336
4.0	0.0417250472222	0.0132655252731	3.14537467332
4.25	0.0374718725989	0.00979734176097	3.8246979143
4.5	0.0359374535708	0.0111276812868	3.22955453561
4.75	0.0291866665154	0.0121523193421	2.40173630184
5.0	0.0216396850128	0.00909897833292	2.3782543733
5.25	0.0136482551572	0.00909126723583	1.50124892418
5.5	0.0116636969469	0.00743894673167	1.5679231708
5.75	0.005939131669	0.0110094259937	0.539458793982
6.0	0.00356420107203	0.00756034867214	0.471433425441
6.25	0.00358817538213	0.00501708464033	0.715191319136
6.5	0.00271861124242	0.00681039187885	0.399185728337
6.75	0.00105238044579	0.00477774627721	0.220267126952
7.0	0.00147280998632	0.00729297812734	0.201949047509
7.25	0.000749405258423	0.00463680504397	0.161621041065
7.5	1e-40	0.0010058481869	9.94185815539e-38
7.75	0.00105312220511	0.00779440461298	0.135112591327
8.0	1e-40	0.00150877228035	6.62790543693e-38
8.25	0.000417753582477	0.00352427716666	0.118535961481
8.5	0.000632321681521	0.0057825400923	0.10935015952
8.75	1e-40	0.00176023432707	5.68106180308e-38
9.0	1e-40	0.0010058481869	9.94185815539e-38
9.25	0.000211030299242	0.0047771102172	0.0441753046605
9.5	1e-40	0.00125731023362	7.95348652431e-38
9.75	1e-40	0.000754386140174	1.32558108739e-37
10.0	1e-40	0.00125731023362	7.95348652431e-38
10.25	1e-40	0.000251462046725	3.97674326216e-37
10.5	1e-40	0.000502924093449	1.98837163108e-37
10.75	1e-40	0.000251462046725	3.97674326216e-37
11.0	1e-40	0.000251462046725	3.97674326216e-37
11.25	1e-40	0.000754386140174	1.32558108739e-37
11.5	2.08747241425e-05	0.0014838319794	0.0140681185149
11.75	1e-40	0.000502924093449	1.98837163108e-37
12.0	0.000195850102251	0.00278355054685	0.0703598152627
12.25	0.000176011771126	0.00129848032576	0.135552127849
12.5	5.92904450466e-05	0.0011864723374	0.0499720416378
12.75	1e-40	0.000251462046725	3.97674326216e-37
13.0	1e-40	0.000754386140174	1.32558108739e-37
13.25	1e-40	0.000502924093449	1.98837163108e-37
13.5	1e-40	0.000502924093449	1.98837163108e-37
13.75	0.000210540294572	0.0032689233752	0.0644066166157
14.0	1e-40	0.000502924093449	1.98837163108e-37
14.25	0.000205115391154	0.00327540483684	0.0626229126997
14.5	1e-40	0.00125731023362	7.95348652431e-38
14.75	1e-40	0.000251462046725	3.97674326216e-37
15	0.00607360143693	0.270106136967	0.0224859809005
MOD MODELS

MODIFIED DISTRIBUTIONS
Modified?	Pos	Neg	Ratio
No	0.750658559177	0.0204761679394	36.6601095184
Yes	0.249341440823	0.979523832061	0.254553725659

NUM MODS PER PEPTIDE DISTRIBUTIONS
Modified?	Num Mods	Pos	Neg	Ratio
No	0	1.0	1.0	0.999999999999
Yes	1	0.929229900793	0.490372456884	1.89494717281
Yes	2	0.0707700992067	0.460080841516	0.153821008877
Yes	3	1e-10	0.042872016411	2.3325238319e-09
Yes	4	1e-10	0.00641796652861	1.5581259197e-08
Yes	5	1e-10	0.000256718661169	3.89531479888e-07

MOD CONTEXT VARIANT DISTRIBUTIONS
Num Variants	Pos	Neg	Ratio
1	0.677956723116	0.91025578286	0.744798040157
2	0.220669930039	0.076580379468	2.88154657332
3	0.0510293770562	0.00994440068847	5.13146831617
4	0.0178673561946	0.00203875456842	8.76385832379
5	0.0135000927252	0.000718576304681	18.7872778956
6	0.0111946057014	0.00045553713539	24.574518369
7	0.00462485571426	6.56897480115e-06	704.045281685
9	0.00315705945345	1e-10	31570594.5345

MOD SIZE DISTRIBUTIONS
Modified?	Size Bin	Pos	Neg	Ratio
No	Indeterminate	1.0	1.0	0.999999999999
Yes	0	0.990326279459	0.817077765686	1.21203430206
Yes	1	1e-10	0.0580184174184	1.72359061914e-09
Yes	2	0.00749297177836	0.0649814457287	0.115309404005
Yes	3	0.00214712753395	0.0301532317256	0.0712072110043
Yes	4	3.36212289313e-05	0.0117988331614	0.00284953846463
Yes	5	1e-10	0.00616124786746	1.62304783302e-08
Yes	6	1e-10	0.00385077991718	2.59687653283e-08
Yes	7	1e-10	0.00205374928917	4.86914349902e-08
Yes	8	1e-10	0.00590452920632	1.69361513011e-08

NUM MODS OCCURRENCES DISTRIBUTIONS
NUM MODS 0
Num Occurrences	Pos	Neg	Ratio
2824	1.0	1.0	1.0
NUM MODS 1
Num Occurrences	Pos	Neg	Ratio
1	0.0450737499088	0.425295724248	0.105982137461
2	0.0226001293463	0.19795291225	0.114169218777
3	0.0057058081238	0.102985768721	0.0554038504024
4	0.0019068619656	0.0496822699277	0.0383811361352
5	0.00527157831782	0.0257554007686	0.204678559079
6	0.00549150467394	0.0120171943953	0.456970611715
7	4.12545838949e-05	0.016728790921	0.00246608282031
8	0.0177501393915	0.0342693898352	0.517959014643
9	0.0263659741212	0.0277334295373	0.950692884405
10	0.011607464384	0.0142511893729	0.814490922853
11	0.00421896824903	0.0179857491567	0.234572839434
12	0.000956009851704	0.00573125265364	0.166806439967
13	0.00453904055656	0.00314279208871	1.4442700721
17	0.0204923887273	0.0164599504691	1.24498483551
20	0.00515386038046	0.00488253497421	1.05557060168
23	0.0088739250172	0.00640324174383	1.38584882037
28	0.0262639677473	4.57788736827e-05	573.713716273
33	0.00824565156664	0.013571053255	0.607591128832
48	0.0501136752602	0.00305347750362	16.4120008092
71	0.0703038597933	0.00764668469739	9.1940314758
80	0.0899195703453	0.00314764940989	28.567212747
87	0.094047189666	0.00338644220573	27.7716801151
448	0.475057428024	0.00787132299248	60.3529328523
NUM MODS 2
Num Occurrences	Pos	Neg	Ratio
1	0.24122068646	0.975234504683	0.247346341112
2	0.131216809995	0.0156229071189	8.39900083871
3	0.104437476737	0.00292604041772	35.6924245149
4	0.022837838424	0.00116355088768	19.6277091667
5	0.202733207042	0.00111752835551	181.41213692
6	0.159519526079	0.00258115210112	61.8016760849
10	0.138034455269	0.00135431643638	101.921863725
NUM MODS 3
Num Occurrences	Pos	Neg	Ratio
1	1.0	1.0	1.0
NUM MODS 4
Num Occurrences	Pos	Neg	Ratio
1	1.0	1.0	1.0
NUM MODS 5
Num Occurrences	Pos	Neg	Ratio
1	1.0	1.0	1.0

NUMBER SINGLE MODS ON SAME CONTEXT (FOR MULTI-MODDED PEPTIDES)
Num Mods	Num Single Mods Found	Pos	Neg	Ratio
0	0	1.0	1.0	1.0
1	1	1.0	1.0	1.0
2	0	0.487326793644	0.999432344051	0.487603584719
2	1	0.345689049502	0.000567655949323	608.976352515
2	2	0.166984156856	1e-10	1669841568.56
3	0	1.0	1.0	1.0
4	0	1.0	1.0	1.0
5	0	1.0	1.0	1.0

MOD CLASS DISTRIBUTIONS
Modified?	Mod Class	Pos	Neg	Ratio
No	Unmodified	1.0	1.0	0.999999999999
Yes	Defined Mod	0.936646457146	0.431382029564	2.17126906768
Yes	AA Sub	0.0101638474143	0.229239249304	0.0443372914769
Yes	Undefined Mod	0.0445669913037	0.271146800551	0.164364806124
Yes	Insertion/Deletion	0.00862270413598	0.0682319205806	0.126373463661

NUM MODS CONSIDERED 3118

Mod	Length	Over Cutoff (0.990000)	Over Cutoff Unique	Total	Unique	Average Error
()	0	3463	2656	3648	2824	0.00673314322841
(('carbamyl', 43.01, ('N-term', 'N-term')),)	1	516	428	538	448	0.00667514534884
(('deamidated', 0.98, ('N', 'Anywhere')),)	1	97	76	110	87	0.00703608247423
(('oxidation', 15.99, ('M', 'Anywhere')),)	1	97	71	105	80	0.00533505154639
(('acetyl', 42.01, ('N-term', 'N-term')),)	1	66	48	92	71	0.00651515151515
(('phospho', 79.97, ('S', 'Anywhere')),)	1	51	39	61	48	0.00683823529412
(('gln->pyro-glu', -17.03, ('Q', 'N-term')),)	1	28	26	29	28	0.00816964285714
(('pyro-carbamidomethyl', -17.03, ('C', 'N-term')),)	1	16	9	16	9	0.0041015625
(('phospho', 79.97, ('S', 'Anywhere')), ('phospho', 79.97, ('S', 'Anywhere')))	2	12	6	12	6	0.000208333333333
(('carbamidomethyl', 57.02, ('N-term', 'N-term')),)	1	11	1	26	17	0.00528409090909
(('carbamyl', 43.01, ('N-term', 'N-term')), ('deamidated', 0.98, ('N', 'Anywhere')))	2	11	8	14	10	0.00448863636364
(('glu->pyro-glu', -18.01, ('E', 'N-term')),)	1	10	9	10	10	0.0071875
(('precursorerror:-1', -1.0, ('N-term', 'N-term')),)	1	7	6	22	23	0.0152678571429
(('dethiomethyl', -48.0, ('M', 'Anywhere')),)	1	7	6	9	8	0.00642857142857
(('carbamyl', 43.01, ('N-term', 'N-term')), ('oxidation', 15.99, ('M', 'Anywhere')))	2	6	5	6	5	0.0040625
(('carbamyl', 43.01, ('N-term', 'N-term')), ('phospho', 79.97, ('S', 'Anywhere')))	2	6	4	7	5	0.00572916666667
(('insertion', 128.09, 'K'),)	1	6	5	35	33	0.0102083333333
(('acetyl', 42.01, ('N-term', 'N-term')), ('oxidation', 15.99, ('M', 'Anywhere')))	2	5	4	6	5	-0.0015
(('dehydrated', -18.01, ('S', 'Anywhere')),)	1	5	4	11	13	0.006625
(('methyl', -43.01, ('C', 'Anywhere')),)	1	4	4	8	8	0.0071875
(('glu->pyro-glu', -18.01, ('E', 'N-term')), ('phospho', 79.97, ('S', 'Anywhere')))	2	4	2	4	2	0.0125
(('dehydrated', -18.01, ('T', 'Anywhere')),)	1	4	4	16	9	0.005625
(('propionamide', 71.04, ('K', 'Anywhere')),)	1	4	2	12	9	0.00578125
(('dimethyl', 28.03, ('R', 'Anywhere')),)	1	3	3	8	8	0.00708333333333
(('acetyl', 42.01, ('N-term', 'N-term')), ('deamidated', 0.98, ('N', 'Anywhere')))	2	3	3	4	3	-0.005625
(('dehydrated', -18.01, ('T', 'Anywhere')), ('methyl', 14.02, ('N-term', 'N-term')))	2	3	1	4	2	0.00354166666667
(('deamidated', 0.98, ('N', 'Anywhere')), ('oxidation', 15.99, ('M', 'Anywhere')))	2	3	2	4	3	0.00729166666667
(('lys', 128.09, ('C-term', 'C-term')),)	1	3	3	9	6	0.00520833333333
(('precursorerror:+1', 1.0, ('N-term', 'N-term')),)	1	3	3	15	20	0.00375
(('dioxidation', 31.99, ('W', 'Anywhere')), ('oxidation', 15.99, ('M', 'Anywhere')))	2	2	2	2	2	0.0034375
(('thr->ser', -14.02, ('T', 'Anywhere')),)	1	2	1	2	1	0.00625
(('asn->thr', -13.0, ('N', 'Anywhere')),)	1	2	1	3	2	-0.036875
(('carboxymethyl', 58.01, ('N-term', 'N-term')),)	1	2	1	12	6	0.0021875
(('precursorerror:+2', 2.01, ('N-term', 'N-term')),)	1	2	2	16	10	0.0103125
(('undefined mass shift', 22.0, ()),)	1	2	1	2	1	-0.01875
(('ammonia-loss', -17.03, ('N', 'Anywhere')),)	1	2	2	2	1	0.0028125
(('oxidation', 15.99, ('M', 'Anywhere')), ('trp->kynurenin', 3.99, ('W', 'Anywhere')))	2	2	2	2	2	0.0075
(('dehydrated', -18.01, ('T', 'Anywhere')), ('guanidinyl', 42.02, ('N-term', 'N-term')))	2	1	1	3	3	0.010625
(('dehydrated', -18.01, ('D', 'Anywhere')),)	1	1	1	3	3	0.009375
(('undefined mass shift', 12.0, ()),)	1	1	1	1	1	0.004375
(('carbamyl', 43.01, ('N-term', 'N-term')), ('propionamide', 71.04, ('K', 'Anywhere')))	2	1	1	1	1	0.00875
(('methyl', 14.02, ('S', 'Anywhere')), ('oxidation', 15.99, ('M', 'Anywhere')))	2	1	1	1	1	0.01
(('undefined mass shift', 544.3, ()),)	1	1	1	1	1	0.01
(('oxidation', 15.99, ('M', 'Anywhere')), ('precursorerror:+2', 2.01, ('N-term', 'N-term')))	2	1	1	1	1	-0.025625
(('undefined mass shift', 110.0, ()),)	1	1	1	2	2	0.01125
(('methyl', 14.02, ('D', 'Anywhere')),)	1	1	1	1	1	0.008125
(('undefined mass shift', -5.0, ()),)	1	1	1	6	5	0.005
(('deamidated', 0.98, ('N', 'Anywhere')), ('phospho', 79.97, ('S', 'Anywhere')))	2	1	1	1	1	0.006875
(('undefined mass shift', -86.0, ()),)	1	1	1	3	2	0.0075
(('phosphoribosyldephosphocoa', 881.15, ('S', 'Anywhere')),)	1	1	1	1	1	0.00125
(('carbamidomethyl', 57.02, ('N-term', 'N-term')), ('gly->ala', 14.02, ('G', 'Anywhere')))	2	1	1	1	1	0.006875
(('formyl', 27.99, ('S', 'Anywhere')),)	1	1	1	7	5	0.004375
(('dioxidation', 31.99, ('W', 'Anywhere')),)	1	1	1	1	1	0.004375
(('undefined mass shift', 616.2, ()),)	1	1	1	1	1	-0.00125
(('oxidation', 15.99, ('M', 'Anywhere')), ('precursorerror:-1', -1.0, ('N-term', 'N-term')))	2	1	1	4	4	-0.00875
(('undefined mass shift', 577.3, ()),)	1	1	1	1	1	0.010625
(('undefined mass shift', 45.0, ()),)	1	1	1	3	2	0.006875
(('undefined mass shift', 14.6, ()),)	1	1	1	1	1	0.01625
(('undefined mass shift', 3.0, ()),)	1	1	1	1	1	0.010625
(('carbamidomethyldtt', 152.0, ('C', 'Anywhere')),)	1	1	1	1	1	0.005
(('didehydro', -2.02, ('S', 'Anywhere')),)	1	1	1	1	3	-0.004375
(('carbamyl', 43.01, ('S', 'Anywhere')), ('precursorerror:+1', 1.0, ('N-term', 'N-term')))	2	1	1	1	1	0.0175
(('undefined mass shift', -72.0, ()),)	1	1	1	3	3	0.01625
(('cys->dha', -91.01, ('C', 'Anywhere')), ('undefined mass shift', 121.0, ()))	2	1	1	2	1	-0.0025
(('dethiomethyl', -48.0, ('M', 'Anywhere')), ('methyl', 14.02, ('H', 'Anywhere')))	2	1	1	1	1	0.003125
(('carbamidomethyl', 57.02, ('N-term', 'N-term')), ('methyl', 14.02, ('R', 'Anywhere')))	2	1	1	1	1	0.004375
(('undefined mass shift', -36.0, ()),)	1	1	1	1	1	0.0
(('carbamyl', -14.02, ('C', 'Anywhere')),)	1	1	1	1	2	0.004375
(('lys->asn', -14.05, ('K', 'Anywhere')),)	1	1	1	1	1	0.006875
(('nda', 175.04, ('N-term', 'N-term')),)	1	1	1	8	8	0.015625
(('gln->arg', 28.04, ('Q', 'Anywhere')),)	1	1	1	2	2	0.0075
(('undefined mass shift', 987.4, ()),)	1	1	1	1	1	0.011875
(('hexnac', 203.08, ('T', 'Anywhere')),)	1	1	1	2	2	0.01125
(('undefined mass shift', -107.0, ()),)	1	1	1	2	2	-0.005625
(('undefined mass shift', -2.0, ()),)	1	1	1	1	1	0.0075
(('insertion', 128.09, 'K'), ('ser->met', 44.01, ('S', 'Anywhere')))	2	1	1	1	1	0.010625
(('cys->dha', -91.01, ('C', 'Anywhere')),)	1	1	1	1	1	-0.000625
(('caf', 135.98, ('N-term', 'N-term')),)	1	1	1	2	2	0.0025
(('hne', 156.12, ('K', 'Anywhere')),)	1	1	1	1	1	0.010625
(('undefined mass shift', -43.0, ()),)	1	1	1	1	2	0.01
(('precursorerror:-2', -2.01, ('N-term', 'N-term')),)	1	1	1	18	17	0.0375
(('methylthio', 45.99, ('K', 'Anywhere')),)	1	1	1	1	1	-0.035625
(('undefined mass shift', 240.2, ()),)	1	1	1	1	1	0.010625
(('carbamyl', 43.01, ('K', 'Anywhere')),)	1	1	1	2	2	0.01375
(('deamidated', 0.98, ('N', 'Anywhere')), ('methylamine', 13.03, ('S', 'Anywhere')))	2	1	1	1	1	0.015625
