**** start TagGraph process: 2018-02-22 19:11:15.953778


***************************************
*** START TAGGRAPH FROM CONFIG FILE ***
***************************************

/home/slin/sampleInputFiles/TG/A375mzXML.params

---------------------------------------------------------------------------------------
Using Configuration File: /home/slin/sampleInputFiles/TG/A375mzXML.params
---------------------------------------------------------------------------------------
* Found Required Numeric TagGraph Parameter 'ppmstd'  : '10'
* Found Required Numeric TagGraph Parameter 'modtolerance'  : '0.1'
* Found Required Numeric TagGraph Parameter 'maxcounts'  : '400'
* Found Required Numeric TagGraph Parameter 'modmaxcounts'  : '200'
* Found Required Readable File for TagGraph Parameter 'unimoddict' : 'resources/unimodDict_noLabels_20160724.pck'
* Found Required Readable File for TagGraph Parameter 'model' : 'resources/AllChargeDist_posOnlyDependence_20150808_HumanProt500000.pck'
* Found Required Readable File for TagGraph Parameter 'config' : 'resources/AllChargeDist_posOnlyDependence_20150808.txt'
* Found Required Readable File for TagGraph Parameter 'init' : '/home/slin/sampleInputFiles/TG/TAG_GRAPH_Tryp_CysCarbam_MetOx.ini'
* Found Required Readable File for TagGraph Parameter 'de_novo' : '/home/slin/sampleInputFiles/PEAKS/de_novo_peptides_mzXML.csv'
* Found Required Createable Directory for TagGraph Parameter 'output' : '/home/slin/sampleInputFiles/TG/mzXML_EM_output'
* Found Required TagGraph Parameter ExperimentName: 'A375mzXML'
dataDirectory: /home/slin/sampleInputFiles/mzXML/
fileFractionMapping: [('01', 'ath017216_F01.mzXML'), ('02', 'ath017217_F02.mzXML')]
* Created temporary sym-link Directory for TagGraph mz[X]ML files '/tmp/A375mzXML_5569/'
   * Created symLink '/tmp/A375mzXML_5569/A375mzXML_f01.mzXML' to data file '/home/slin/sampleInputFiles/mzXML/ath017216_F01.mzXML'
   * Created symLink '/tmp/A375mzXML_5569/A375mzXML_f02.mzXML' to data file '/home/slin/sampleInputFiles/mzXML/ath017217_F02.mzXML'
* Found Required fmindex TagGraph Parameter '/home/slin/sampleInputFiles/FMIndices/human_uniprot_12092014_crap.fm'
   * Found Required readable fmindex file at '/home/slin/sampleInputFiles/FMIndices/human_uniprot_12092014_crap.fm.1'
   * Found Required readable fmindex Offset file at '/home/slin/sampleInputFiles/FMIndices/human_uniprot_12092014_crap.offsets'
   * Found Required readable fmindex Seqnames file at '/home/slin/sampleInputFiles/FMIndices/human_uniprot_12092014_crap.seqnames.1'
* Found Required EM Numeric Parameter 'maxIterations'  : '100'
* Found Required EM Numeric Parameter 'initIterations'  : '20'
* Found Required EM Parameter 'resultsPrefix': 'EM_Results'

TG ARGS: ['-p', '"10"', '-l', '"0.1"', '-M', '"400"', '-C', '"200"', '-c', '"resources/AllChargeDist_posOnlyDependence_20150808.txt"', '-i', '"/home/slin/sampleInputFiles/TG/TAG_GRAPH_Tryp_CysCarbam_MetOx.ini"', '-d', '"/tmp/A375mzXML_5569/"', '-m', '"resources/AllChargeDist_posOnlyDependence_20150808_HumanProt500000.pck"', '-o', '"/home/slin/sampleInputFiles/TG/mzXML_EM_output/"', '-Q', '"resources/unimodDict_noLabels_20160724.pck"', '-f', '"/home/slin/sampleInputFiles/FMIndices/human_uniprot_12092014_crap.fm"', '-K', '"{\'A375mzXML\': \'/home/slin/sampleInputFiles/PEAKS/de_novo_peptides_mzXML.csv\'}"']


---------------------------------------------------------------------------------------
*** CALLING RUN_TAGGRAPH_HUMAN_PROTEOME_EASY.py from runTG.py
---------------------------------------------------------------------------------------


---------------------------------------------------------------------------------------
*** END CALLING RUN_TAGGRAPH_HUMAN_PROTEOME_EASY.py from runTG.py
---------------------------------------------------------------------------------------
---------------------------------------------------------------------------------------
*** VERIFYING TAGGRAPH OUTPUTS in runTG.py 
---------------------------------------------------------------------------------------
* Found Required SQLITE DB File '/home/slin/sampleInputFiles/TG/mzXML_EM_output/results.db', size 51464192 Bytes OK
* Found Required Single Mods File '/home/slin/sampleInputFiles/TG/mzXML_EM_output/A375mzXML_addPlausibleMods_poss_single_mods.tdv', size 74143 Bytes OK
* Found Required Combo Mods File '/home/slin/sampleInputFiles/TG/mzXML_EM_output/A375mzXML_addPlausibleMods_poss_combo_mods.tdv', size 588067 Bytes OK
* Found Required de novo CSV File '/home/slin/sampleInputFiles/TG/mzXML_EM_output/A375mzXML/de_novo/A375mzXML_PEAKS.csv'
* Found Required Parsed de novo File '/home/slin/sampleInputFiles/TG/mzXML_EM_output/A375mzXML/de_novo/A375mzXML_PEAKS_parsed.tdv'

---------------------------------------------------------------------------------------
*** END VERIFYING TAGGRAPH OUTPUTS in runTG.py
---------------------------------------------------------------------------------------
* Successfully copied Configuration File '/home/slin/sampleInputFiles/TG/A375mzXML.params' to Output Directory '/home/slin/sampleInputFiles/TG/mzXML_EM_output/'
EM ARGS: ['-i', '"/home/slin/sampleInputFiles/TG/TAG_GRAPH_Tryp_CysCarbam_MetOx.ini"', '-F', '"all"', '-M', '"100"', '-C', '"20"', '-B', '"/home/slin/sampleInputFiles/TG/mzXML_EM_output/results.db"', '-E', '"A375mzXML"', '-o', '"/home/slin/sampleInputFiles/TG/mzXML_EM_output/EM_Results"']

---------------------------------------------------------------------------------------
*** CALLING ComputeEMProbabilitiesFromDB.py from runTG.py
---------------------------------------------------------------------------------------

*** command executed: python ComputeEMProbabilitiesFromDB.py ['-i', '"/home/slin/sampleInputFiles/TG/TAG_GRAPH_Tryp_CysCarbam_MetOx.ini"', '-F', '"all"', '-M', '"100"', '-C', '"20"', '-B', '"/home/slin/sampleInputFiles/TG/mzXML_EM_output/results.db"', '-E', '"A375mzXML"', '-o', '"/home/slin/sampleInputFiles/TG/mzXML_EM_output/EM_Results"']

---------------------------------------------------------------------------------------
*** END CALLING ComputeEMProbabilitiesFromDB.py from runTG.py
---------------------------------------------------------------------------------------
* Found EMProbs END TOPONLY file '/home/slin/sampleInputFiles/TG/mzXML_EM_output/EM_Results_EMProbs_END_TOPONLY.tdv'


---------------------------------------------------------------------------------------
*** CALLING verify EM result tests from runTG.py

time now: @ 2018-02-22 19:29:49.103483
Spectrum score test: result=2.72 : Pass.
Tag length test: result=7.82 : Pass.
Mod Size test: result=0.17 : Pass.

---------------------------------------------------------------------------------------

time now: @ 2018-02-22 19:29:49.392197
*** END CALLING verify EM result tests from runTG.py
---------------------------------------------------------------------------------------
* Found TopResult file '/home/slin/sampleInputFiles/TG/mzXML_EM_output/A375mzXML_TopResults.tdv'
**** start parseResultsDB process: 2018-02-22 19:29:49.392316
* Found  Numeric TagGraph Parameter 'FDRCutoff'  : '0.01'
* Found  Numeric TagGraph Parameter 'logEMCutoff'  : '2'
* Found  Numeric TagGraph Parameter 'DisplayProteinNum'  : '5'
---------------------------------------------------------------------------------------
*** CALLING parseResultsDB.py from runTG.py
---------------------------------------------------------------------------------------

*** command executed: python parseResultsDB.py ['"/home/slin/sampleInputFiles/TG/mzXML_EM_output/"', '"/home/slin/sampleInputFiles/TG/TAG_GRAPH_Tryp_CysCarbam_MetOx.ini"', '"No"', '"0.01"', '"2"', '"5"']

---------------------------------------------------------------------------------------
*** END CALLING parseResultsDB.py from runTG.py
**** done parseResultsDB process: 2018-02-22 19:29:57.559501
---------------------------------------------------------------------------------------
---------------------------------------------------------------------------------------
***    CLEANING UP
---------------------------------------------------------------------------------------
* Successfully removed temporary symbolic link directory '/tmp/A375mzXML_5569/'
* Removed mz[X]ML and DTA files from data directory '/home/slin/sampleInputFiles/TG/mzXML_EM_output/A375mzXML/data/' (cleanInputDataFilesFromOuput is True)
* Leaving mz[X]ML and Intermediate files in output directory '/home/slin/sampleInputFiles/TG/mzXML_EM_output/A375mzXML/data/' (cleanIntermediateFiles is False)
---------------------------------------------------------------------------------------
***  END CLEANING UP
---------------------------------------------------------------------------------------


*************************************
*** END TAGGRAPH FROM CONFIG FILE ***
*************************************

**** end TagGraph process: 2018-02-22 19:29:58.035168
