PRIOR PROBABILITIES
(0.5445343030804551, 0.45546569691954486)

CHARGE STATE MODELS
Charge	Pos	Neg	Ratio
2	0.695077975773	0.439842044455	1.58028998031
3	0.250897557778	0.352818330198	0.711123930657
4	0.0540244664488	0.207339625347	0.260560258843

SPECTRUM MATCH MODELS (MULTIVARIATE GAUSSIAN OVER SPECTRUM MATCH SCORE, PEPTIDE LENGTH)
Charge 2 Pos Mean (7.066569502949023, 10.903642640983685), Pos Sigma [1.778318050452402, -1.5034972385938772, -1.5034972385938772, 10.33753886340474]
Charge 2 Neg Mean (2.0044753314844104, 9.810021853440038), Neg Sigma [5.99481602761369, -3.502471084207591, -3.502471084207591, 8.979301125871263]
Charge 3 Pos Mean (6.2060197236369214, 15.739805056485853), Pos Sigma [4.666655080032659, -5.711064159162338, -5.711064159162338, 20.95893830012878]
Charge 3 Neg Mean (0.6836523394925952, 15.947429549909772), Neg Sigma [3.497008149061892, -5.2771710439788535, -5.2771710439788535, 27.76573930499331]
Charge 4 Pos Mean (4.106793430909733, 21.678938639750367), Pos Sigma [5.440015245441275, -13.234157924934586, -13.234157924934586, 61.595692833109325]
Charge 4 Neg Mean (-0.26653263059221965, 22.866783815655864), Neg Sigma [2.500697039535339, -8.16422559529858, -8.16422559529858, 65.07930621781304]

CONTEXT MODELS
Pos defaultdict(<function <lambda> at 0x8192050>, {'n-ragged': 0.13974967697615423, 'c-ragged': 0.003968314441641219, 'full': 0.8540427724884397, 'nonspecific': 0.0022392360937647593})
Neg defaultdict(<function <lambda> at 0x8192410>, {'n-ragged': 0.3898600254192344, 'c-ragged': 0.10870608755948473, 'full': 0.1652690577874566, 'nonspecific': 0.33616482923382707})


MISSED CLEAVAGE MODELS
Num Missed	Pos	Neg	Ratio
0	0.418323870152	0.392632571273	1.06543343767
1	0.437761014968	0.354804318161	1.23380971584
2	0.119163444585	0.154366144667	0.771953233928
3	0.0221170177849	0.056821947988	0.389233712818
4	0.00214395968504	0.0233467424382	0.0918312133145
5	0.00049069282535	0.0102301309036	0.0479654493157
6	1e-40	0.00352174270883	2.83950328765e-38
7	1e-40	0.00226397745568	4.41700511413e-38
8	1e-40	0.000754659151893	1.32510153424e-37
9	1e-40	0.00100621220252	9.93826150678e-38
10	1e-40	0.000251553050631	3.97530460271e-37

DB MATCH MODELS
Acc	Pos	Neg	Ratio
4	0.000211169554826	0.000502194329302	0.420493706331
5	0.0149563485267	0.106386069361	0.140585591859
6	0.0837457134235	0.552909110856	0.151463797176
7	0.144387174893	0.280927337667	0.513966266481
8	0.147141438712	0.0439416796806	3.34856199811
9	0.133437468843	0.00749938909892	17.7931118233
10	0.111231645943	0.00411285924691	27.0448462409
11	0.0969309414761	0.00133744734635	72.4745850676
12	0.0796358677063	0.00189041566486	42.1261150055
13	0.0580803482864	0.00024194272455	240.058255087
14	0.0425021978297	1e-40	4.25021978297e+38
15	0.0309298172325	2.06946471645e-17	1.49458055441e+15
16	0.0239863880606	0.000251554023356	95.3528301419
17	0.0128348221169	1e-40	1.28348221169e+38
18	0.00610180067853	1e-40	6.10180067853e+37
19	0.00736424219822	1e-40	7.36424219822e+37
20	0.00252488303939	1e-40	2.52488303939e+37
21	0.000841627679797	1e-40	8.41627679797e+36
22	0.00231447611944	1e-40	2.31447611944e+37
23	0.000420813839899	1e-40	4.20813839899e+36
24	0.000210406919949	1e-40	2.10406919949e+36
26	0.000210406919949	1e-40	2.10406919949e+36

UNIQUE SIBLING COUNT MODELS
Num Siblings	Pos	Neg	Ratio
1	0.139573723614	0.455725738591	0.30626693161
2	0.168624628499	0.254968769833	0.661354049791
3	0.149482185305	0.124658806167	1.19913057008
4	0.120246281194	0.0700590522389	1.7163560932
5	0.0773679724508	0.0345366272918	2.24017162409
6	0.0688286876242	0.0203451662728	3.38304866627
7	0.0351998121198	0.00646643151208	5.4434678623
8	0.0292781075087	0.00650266980409	4.50247488967
9	0.0269572651997	0.00399475042769	6.74817255487
10	0.031961665415	0.00455209391506	7.02131063449
11	0.0207215094378	0.00465800720209	4.44857823074
12	0.0380032091665	0.00135394472882	28.0685085274
13	0.0124140068761	0.00075466585782	16.4496733852
14	0.0113478395521	0.00152622145918	7.43525094862
15	0.00736489545791	0.00125698927632	5.85915536168
16	0.0138105453301	0.000845898644715	16.3264776653
18	0.0120257093403	0.000464237776338	25.9042024439
19	0.0203187646295	0.00186932112365	10.8695955834
21	0.00396728847031	0.000287954373774	13.7774898791
36	1e-05	0.00327019166961	0.00305792473662
42	0.0125059444686	0.00190251466018	6.57337613755

PPM Error DISTRIBUTIONS
PPM	Pos	Neg	Ratio
-15	0.00387375775382	0.169191867434	0.0228956498475
-14.75	1e-40	0.000754659151893	1.32510153424e-37
-14.5	0.000210484575446	0.00352164986741	0.0597687400423
-14.25	0.00021019880737	0.00226422626572	0.0928347182226
-14.0	3.02184565719e-07	0.00150895702551	0.000200260551235
-13.75	1e-40	0.000503106101262	1.98765230136e-37
-13.5	1e-40	0.000251553050631	3.97530460271e-37
-13.25	0.000210153723927	0.00251583321609	0.0835324546093
-13.0	3.23967704549e-33	0.000754659151893	4.29290102342e-30
-12.75	0.000210526708478	0.00276694034316	0.0760864646029
-12.5	1e-40	0.000251553050631	3.97530460271e-37
-12.25	1e-40	0.00100621220252	9.93826150678e-38
-12.0	1e-40	0.000251553050631	3.97530460271e-37
-11.75	0.000167368356971	0.00206387937532	0.0810940595522
-11.5	1e-40	0.00125776525315	7.95060920543e-38
-11.25	0.000264814512104	0.00245048323606	0.108066241061
-11.0	0.000208704385032	0.00251756598049	0.0828992712205
-10.75	0.000210140671565	0.00201274271964	0.104405133112
-10.5	0.000420470401239	0.00352215330865	0.1193787903
-10.25	0.000210996860657	0.00251482519973	0.0839012034234
-10.0	0.000459800625495	0.00473289711452	0.0971499304484
-9.75	0.000151677536918	0.00359195691789	0.0422269922455
-9.5	1e-40	0.00176087135442	5.67900657531e-38
-9.25	0.000170062166573	0.0035699770815	0.0476367670409
-9.0	5.56585323955e-19	0.00251553050631	2.21259620012e-16
-8.75	1e-40	0.000251553050631	3.97530460271e-37
-8.5	0.000147839209664	0.00334499279869	0.0441971682933
-8.25	0.000195688009943	0.00353933997567	0.0552894074286
-8.0	1e-40	0.00125776525315	7.95060920543e-38
-7.75	0.0002106190705	0.00201217076739	0.104672562544
-7.5	0.000210447359297	0.00276703520947	0.0760551794125
-7.25	0.000281071332463	0.00494657781909	0.0568213708027
-7.0	4.99896539471e-08	0.0015092585384	3.31219951222e-05
-6.75	0.000201234134038	0.00453892148166	0.0443352313653
-6.5	0.000249548458985	0.00322339379449	0.0774179249871
-6.25	0.000210721700377	0.00628844992845	0.0335093230882
-6.0	1e-40	0.00100621220252	9.93826150678e-38
-5.75	0.000234619981187	0.00349279466178	0.0671725663563
-5.5	0.000209051597468	0.00327181002081	0.0638947848863
-5.25	0.000320705336708	0.00439608708485	0.0729524530607
-5.0	0.000346539500404	0.00386209481934	0.089728377115
-4.75	1e-40	0.000251553050631	3.97530460271e-37
-4.5	0.000631146453629	0.00452804374853	0.139386120957
-4.25	0.000211234331925	0.00477851874544	0.0442049813295
-4.0	3.8601146015e-32	0.00226397745568	1.70501459359e-29
-3.75	1e-40	0.00125776525315	7.95060920543e-38
-3.5	0.000661099563693	0.00499533925851	0.132343276298
-3.25	0.000419612546717	0.00478094417409	0.0877677152122
-3.0	0.00062479962234	0.00378097258268	0.165248387466
-2.75	1e-40	0.00125776525315	7.95060920543e-38
-2.5	0.000351441595965	0.00612021155004	0.0574231124351
-2.25	0.00147358734296	0.00653949591684	0.225336533839
-2.0	1e-40	0.00125776525315	7.95060920543e-38
-1.75	0.000630136411715	0.006038569613	0.104351933007
-1.5	0.000426346978489	0.00401823363845	0.106103083307
-1.25	0.00125451003447	0.00705296794469	0.177869805209
-1.0	0.00167891978974	0.00730022188063	0.22998202208
-0.75	0.00265062553209	0.00815091860171	0.325193473473
-0.5	0.00275323622206	0.0080282418756	0.342943855544
-0.25	0.00616366055917	0.00671797547584	0.917487802886
0.0	0.00936585997305	0.00615975953082	1.52049116953
0.25	0.0158546877375	0.00972189616316	1.63082257529
0.5	0.0199073906367	0.0131779175144	1.51066286573
0.75	0.0273115189241	0.00860227658858	3.17491755152
1.0	0.0395081188934	0.0138932611962	2.84368934949
1.25	0.0495481460085	0.0154737210526	3.20208344457
1.5	0.0587992832914	0.0147271524545	3.99257653326
1.75	0.0651655127	0.0161718847117	4.02955585338
2.0	0.0662680606892	0.0166145992763	3.98854402607
2.25	0.062988525435	0.0139950848157	4.50076053589
2.5	0.0586177211379	0.0129317955946	4.53283696833
2.75	0.0594334978757	0.0134658079194	4.41366000699
3.0	0.0575496022972	0.0129510251897	4.44363295216
3.25	0.0597644063699	0.011812423353	5.05945347403
3.5	0.0542292177531	0.0108834544042	4.98272108643
3.75	0.0463094533684	0.0115476117463	4.01030571393
4.0	0.0417190059086	0.0132624485184	3.14564884837
4.25	0.0377322396041	0.00997914939075	3.78110780054
4.5	0.0358902679211	0.0111751156914	3.21162383568
4.75	0.0291570456628	0.0121815679853	2.3935379828
5.0	0.0216347909384	0.00910029099679	2.37737353081
5.25	0.0136529393899	0.00908401780774	1.50296264041
5.5	0.0116697453223	0.00768173968309	1.51915396821
5.75	0.00594326891704	0.0107547615707	0.55261745023
6.0	0.00356309457559	0.00806622385328	0.441730187558
6.25	0.00358216002782	0.00527634649912	0.678909171037
6.5	0.00275207418	0.00677186590768	0.406398209521
6.75	0.00105206573566	0.00503102378792	0.209115635308
7.0	0.00126187262597	0.00729571861205	0.172960703814
7.25	0.000753598900845	0.00463319816046	0.162651989996
7.5	1e-40	0.00100621220252	9.93826150678e-38
7.75	0.00105211737352	0.00804959865959	0.130704326763
8.0	1e-40	0.00150931830379	6.62550767119e-38
8.25	0.000415630819854	0.0035279392945	0.117811216452
8.5	0.000632219858181	0.00653918483937	0.0966817537217
8.75	1e-40	0.00176087135442	5.67900657531e-38
9.0	1e-40	0.00100621220252	9.93826150678e-38
9.25	0.000210995137998	0.00477880471494	0.0441522829628
9.5	1e-40	0.00125776525315	7.95060920543e-38
9.75	1e-40	0.000754659151893	1.32510153424e-37
10.0	1e-40	0.00125776525315	7.95060920543e-38
10.25	1e-40	0.000251553050631	3.97530460271e-37
10.5	1e-40	0.000503106101262	1.98765230136e-37
10.75	1.08422115785e-23	0.000251553050631	4.31010935917e-20
11.0	1e-40	0.000251553050631	3.97530460271e-37
11.25	1e-40	0.000754659151893	1.32510153424e-37
11.5	2.4974651129e-05	0.00173101278474	0.0144277681535
11.75	1e-40	0.000503106101262	1.98765230136e-37
12.0	0.000193303045326	0.00303908523084	0.0636056677069
12.25	0.00017765637159	0.00180002643711	0.0986965346328
12.5	5.05577736772e-05	0.00144887370337	0.0348945346718
12.75	1e-40	0.000251553050631	3.97530460271e-37
13.0	1e-40	0.000754659151893	1.32510153424e-37
13.25	1e-40	0.000503106101262	1.98765230136e-37
13.5	1e-40	0.000503106101262	1.98765230136e-37
13.75	0.000210619743747	0.00326993521564	0.064410983661
14.0	1e-40	0.000503106101262	1.98765230136e-37
14.25	0.000204461904341	0.00327729725149	0.0623873541674
14.5	1e-40	0.00125776525315	7.95060920543e-38
14.75	1e-40	0.000251553050631	3.97530460271e-37
15	0.0061143385836	0.268140562217	0.022802736494
MOD MODELS

MODIFIED DISTRIBUTIONS
Modified?	Pos	Neg	Ratio
No	0.75068179115	0.0201841404351	37.1916650879
Yes	0.24931820885	0.979815859565	0.254454147089

NUM MODS PER PEPTIDE DISTRIBUTIONS
Modified?	Num Mods	Pos	Neg	Ratio
No	0	1.0	1.0	0.999999999999
Yes	1	0.9293321001	0.492110535306	1.8884621105
Yes	2	0.0706678999	0.458596339614	0.154096083626
Yes	3	1e-10	0.0428747494188	2.33237514751e-09
Yes	4	1e-10	0.00616164063506	1.62294437347e-08
Yes	5	1e-10	0.000256735026485	3.89506649595e-07

MOD CONTEXT VARIANT DISTRIBUTIONS
Num Variants	Pos	Neg	Ratio
1	0.67803318888	0.909745326568	0.74529999669
2	0.220767928917	0.0769141766288	2.87031518237
3	0.0510468533323	0.00990863821984	5.15175266265
4	0.017703414687	0.00222902730392	7.94221526848
5	0.0132589451939	0.000499149726241	26.5630621372
6	0.0116210613553	0.000696458626986	16.6859320927
7	0.00441250383534	7.22292612524e-06	610.902528814
9	0.00315610379923	1e-10	31561037.9923

MOD SIZE DISTRIBUTIONS
Modified?	Size Bin	Pos	Neg	Ratio
No	Indeterminate	1.0	1.0	0.999999999999
Yes	0	0.989916615926	0.815394201599	1.2140344069
Yes	1	1e-10	0.0577653809534	1.73114066504e-09
Yes	2	0.0074008561402	0.0639861932622	0.115663329273
Yes	3	0.00219931149294	0.0293689368936	0.0748856351497
Yes	4	0.000124391515836	0.0120287046112	0.0103412229211
Yes	5	0.000358824925203	0.0104169765426	0.0344461681116
Yes	6	1e-10	0.003337555344	2.99620499716e-08
Yes	7	1e-10	0.00179714518524	5.56438070898e-08
Yes	8	1e-10	0.0059049056086	1.69350717231e-08

NUM MODS OCCURRENCES DISTRIBUTIONS
NUM MODS 0
Num Occurrences	Pos	Neg	Ratio
2823	1.0	1.0	1.0
NUM MODS 1
Num Occurrences	Pos	Neg	Ratio
1	0.0430761468164	0.408787226332	0.105375471741
2	0.0256798522342	0.211143959919	0.121622480908
3	0.00652010287365	0.099029508174	0.0658400005602
4	0.00191932633978	0.0552411644836	0.0347444945761
5	0.00706472432951	0.0517634494547	0.136480941744
6	2.3984799514e-10	0.00260850961816	9.19482885824e-08
7	0.00370375014014	0.0119581612314	0.309725723585
8	0.0219808253662	0.0379771822735	0.578790316982
9	0.0208838394338	0.00626187586723	3.33507719996
10	0.0107598178105	0.0245989375686	0.437409858882
11	0.00229739892291	0.00859248945813	0.267372911436
14	1.96062716749e-07	0.00365180102094	5.36893208652e-05
16	0.00523651137789	0.00481717186838	1.08705097534
17	0.0213516605633	0.0190356630503	1.1216662381
18	0.00503722758213	0.00701846751396	0.717710464872
23	0.00890792272366	0.00792497845361	1.12403115993
27	0.0264389748184	0.000461960339107	57.2321313762
34	0.00821185158215	0.0135418883919	0.60640372631
49	0.0500456757072	0.00359445600778	13.923018003
70	0.0702074325769	0.00766265601668	9.16228425549
79	0.0898964842511	0.00313349033062	28.6889298406
87	0.0958843714749	0.00334538380443	28.661695363
449	0.474895906775	0.0078496188232	60.4992315514
NUM MODS 2
Num Occurrences	Pos	Neg	Ratio
1	0.240898051711	0.975123901275	0.247043530977
2	0.131376995873	0.0156745742413	8.38153520793
3	0.104227331919	0.00295160342467	35.3121056331
4	0.0225990244062	0.00117991056548	19.1531672546
5	0.202979443017	0.00112142410001	181.00149891
6	0.15934319567	0.00260718387625	61.1169764898
10	0.138575957412	0.00134140251763	103.306767052
NUM MODS 3
Num Occurrences	Pos	Neg	Ratio
1	1.0	1.0	1.0
NUM MODS 4
Num Occurrences	Pos	Neg	Ratio
1	1.0	1.0	1.0
NUM MODS 5
Num Occurrences	Pos	Neg	Ratio
1	1.0	1.0	1.0

NUMBER SINGLE MODS ON SAME CONTEXT (FOR MULTI-MODDED PEPTIDES)
Num Mods	Num Single Mods Found	Pos	Neg	Ratio
0	0	1.0	1.0	1.0
1	1	1.0	1.0	1.0
2	0	0.438882969815	0.999432403555	0.439132219702
2	1	0.393926424435	0.000567596444794	694.025531782
2	2	0.167190605752	1e-10	1671906057.52
3	0	1.0	1.0	1.0
4	0	1.0	1.0	1.0
5	0	1.0	1.0	1.0

MOD CLASS DISTRIBUTIONS
Modified?	Mod Class	Pos	Neg	Ratio
No	Unmodified	1.0	1.0	0.999999999999
Yes	Defined Mod	0.935606211401	0.429869132004	2.17649080091
Yes	AA Sub	0.00996755889957	0.227002313399	0.0439095036097
Yes	Undefined Mod	0.0456507942885	0.272628681789	0.167446777752
Yes	Insertion/Deletion	0.00877543541098	0.0704998728085	0.124474485717

NUM MODS CONSIDERED 3111

Mod	Length	Over Cutoff (0.990000)	Over Cutoff Unique	Total	Unique	Average Error
()	0	3465	2658	3648	2823	0.00673214285714
(('carbamyl', 43.01, ('N-term', 'N-term')),)	1	516	428	538	449	0.00667514534884
(('deamidated', 0.98, ('N', 'Anywhere')),)	1	100	77	112	87	0.00649375
(('oxidation', 15.99, ('M', 'Anywhere')),)	1	97	71	105	79	0.00533505154639
(('acetyl', 42.01, ('N-term', 'N-term')),)	1	66	48	92	70	0.00651515151515
(('phospho', 79.97, ('S', 'Anywhere')),)	1	51	39	62	49	0.00683823529412
(('gln->pyro-glu', -17.03, ('Q', 'N-term')),)	1	29	27	30	27	0.00810344827586
(('pyro-carbamidomethyl', -17.03, ('C', 'N-term')),)	1	16	9	16	9	0.0041015625
(('carbamidomethyl', 57.02, ('N-term', 'N-term')),)	1	12	2	27	17	0.00567708333333
(('phospho', 79.97, ('S', 'Anywhere')), ('phospho', 79.97, ('S', 'Anywhere')))	2	12	6	12	6	0.000208333333333
(('carbamyl', 43.01, ('N-term', 'N-term')), ('deamidated', 0.98, ('N', 'Anywhere')))	2	11	8	14	10	0.00448863636364
(('precursorerror:-1', -1.0, ('N-term', 'N-term')),)	1	7	6	25	23	0.00633928571429
(('dethiomethyl', -48.0, ('M', 'Anywhere')),)	1	7	6	9	8	0.00642857142857
(('dehydrated', -18.01, ('S', 'Anywhere')),)	1	7	5	19	9	0.00678571428571
(('glu->pyro-glu', -18.01, ('E', 'N-term')),)	1	7	7	7	8	0.00651785714286
(('carbamyl', 43.01, ('N-term', 'N-term')), ('oxidation', 15.99, ('M', 'Anywhere')))	2	6	5	6	5	0.0040625
(('carbamyl', 43.01, ('N-term', 'N-term')), ('phospho', 79.97, ('S', 'Anywhere')))	2	6	4	7	5	0.00572916666667
(('insertion', 128.09, 'K'),)	1	6	5	35	34	0.0102083333333
(('acetyl', 42.01, ('N-term', 'N-term')), ('oxidation', 15.99, ('M', 'Anywhere')))	2	5	4	6	5	-0.0015
(('dehydrated', -18.01, ('T', 'Anywhere')),)	1	5	5	12	17	0.006875
(('methyl', -43.01, ('C', 'Anywhere')),)	1	4	4	8	8	0.0071875
(('glu->pyro-glu', -18.01, ('E', 'N-term')), ('phospho', 79.97, ('S', 'Anywhere')))	2	4	2	4	2	0.0125
(('propionamide', 71.04, ('K', 'Anywhere')),)	1	4	2	9	10	0.00578125
(('dimethyl', 28.03, ('R', 'Anywhere')),)	1	3	3	5	5	0.00708333333333
(('acetyl', 42.01, ('N-term', 'N-term')), ('deamidated', 0.98, ('N', 'Anywhere')))	2	3	3	4	3	-0.005625
(('dehydrated', -18.01, ('T', 'Anywhere')), ('methyl', 14.02, ('N-term', 'N-term')))	2	3	1	4	2	0.00354166666667
(('deamidated', 0.98, ('N', 'Anywhere')), ('oxidation', 15.99, ('M', 'Anywhere')))	2	3	2	4	3	0.00729166666667
(('lys', 128.09, ('C-term', 'C-term')),)	1	3	3	7	5	0.00520833333333
(('precursorerror:+1', 1.0, ('N-term', 'N-term')),)	1	3	3	15	16	0.00375
(('dioxidation', 31.99, ('W', 'Anywhere')), ('oxidation', 15.99, ('M', 'Anywhere')))	2	2	2	2	2	0.0034375
(('thr->ser', -14.02, ('T', 'Anywhere')),)	1	2	1	4	2	0.00625
(('asn->thr', -13.0, ('N', 'Anywhere')),)	1	2	1	3	2	-0.036875
(('ammonia-loss', -17.03, ('N', 'Anywhere')),)	1	2	2	2	1	0.0028125
(('propionamide', 71.04, ('N-term', 'N-term')),)	1	2	1	21	17	0.005
(('oxidation', 15.99, ('M', 'Anywhere')), ('trp->kynurenin', 3.99, ('W', 'Anywhere')))	2	2	2	2	2	0.0075
(('dehydrated', -18.01, ('T', 'Anywhere')), ('guanidinyl', 42.02, ('N-term', 'N-term')))	2	1	1	3	3	0.010625
(('dehydrated', -18.01, ('D', 'Anywhere')),)	1	1	1	3	3	0.009375
(('undefined mass shift', 12.0, ()),)	1	1	1	1	1	0.004375
(('carbamyl', 43.01, ('N-term', 'N-term')), ('propionamide', 71.04, ('K', 'Anywhere')))	2	1	1	1	1	0.00875
(('delta:h(4)c(2)o(-1)s(1)', 44.01, ('S', 'Anywhere')),)	1	1	1	3	3	-0.015625
(('methyl', 14.02, ('S', 'Anywhere')), ('oxidation', 15.99, ('M', 'Anywhere')))	2	1	1	1	1	0.01
(('didehydro', -2.02, ('S', 'Anywhere')),)	1	1	1	2	2	-0.004375
(('undefined mass shift', 544.3, ()),)	1	1	1	1	1	0.01
(('oxidation', 15.99, ('M', 'Anywhere')), ('precursorerror:+2', 2.01, ('N-term', 'N-term')))	2	1	1	1	1	-0.025625
(('undefined mass shift', 110.0, ()),)	1	1	1	2	2	0.01125
(('methyl', 14.02, ('D', 'Anywhere')),)	1	1	1	2	1	0.008125
(('undefined mass shift', 22.0, ()),)	1	1	1	1	1	-0.018125
(('undefined mass shift', -5.0, ()),)	1	1	1	5	7	0.005
(('deamidated', 0.98, ('N', 'Anywhere')), ('phospho', 79.97, ('S', 'Anywhere')))	2	1	1	1	1	0.006875
(('undefined mass shift', -86.0, ()),)	1	1	1	2	2	0.0075
(('phosphoribosyldephosphocoa', 881.15, ('S', 'Anywhere')),)	1	1	1	1	1	0.00125
(('carbamidomethyl', 57.02, ('N-term', 'N-term')), ('gly->ala', 14.02, ('G', 'Anywhere')))	2	1	1	1	1	0.006875
(('formyl', 27.99, ('S', 'Anywhere')),)	1	1	1	9	10	0.004375
(('dioxidation', 31.99, ('W', 'Anywhere')),)	1	1	1	1	2	0.004375
(('precursorerror:+2', 2.01, ('N-term', 'N-term')),)	1	1	1	11	11	0.011875
(('undefined mass shift', 616.2, ()),)	1	1	1	1	1	-0.00125
(('oxidation', 15.99, ('M', 'Anywhere')), ('precursorerror:-1', -1.0, ('N-term', 'N-term')))	2	1	1	4	4	-0.00875
(('delta:h(8)c(6)o(1)', 96.06, ('N-term', 'N-term')),)	1	1	1	3	3	0.01125
(('undefined mass shift', 577.3, ()),)	1	1	1	1	1	0.010625
(('undefined mass shift', 45.0, ()),)	1	1	1	3	2	0.006875
(('undefined mass shift', 3.0, ()),)	1	1	1	1	1	0.010625
(('methyl', 14.02, ('N-term', 'N-term')), ('undefined mass shift', 22.0, ()))	2	1	1	1	1	-0.019375
(('carbamidomethyldtt', 152.0, ('C', 'Anywhere')),)	1	1	1	1	1	0.005
(('undefined mass shift', -72.0, ()),)	1	1	1	3	3	0.01625
(('cys->dha', -91.01, ('C', 'Anywhere')), ('undefined mass shift', 121.0, ()))	2	1	1	2	1	-0.0025
(('dethiomethyl', -48.0, ('M', 'Anywhere')), ('methyl', 14.02, ('H', 'Anywhere')))	2	1	1	1	1	0.003125
(('carbamidomethyl', 57.02, ('N-term', 'N-term')), ('methyl', 14.02, ('R', 'Anywhere')))	2	1	1	1	1	0.004375
(('undefined mass shift', -36.0, ()),)	1	1	1	1	1	0.0
(('carbamyl', -14.02, ('C', 'Anywhere')),)	1	1	1	1	1	0.004375
(('lys->asn', -14.05, ('K', 'Anywhere')),)	1	1	1	1	1	0.006875
(('nda', 175.04, ('N-term', 'N-term')),)	1	1	1	8	8	0.015625
(('gln->arg', 28.04, ('Q', 'Anywhere')),)	1	1	1	1	1	0.0075
(('undefined mass shift', 987.4, ()),)	1	1	1	1	1	0.011875
(('hexnac', 203.08, ('T', 'Anywhere')),)	1	1	1	2	2	0.01125
(('undefined mass shift', -107.0, ()),)	1	1	1	2	2	-0.005625
(('undefined mass shift', -2.0, ()),)	1	1	1	1	1	0.0075
(('insertion', 128.09, 'K'), ('ser->met', 44.01, ('S', 'Anywhere')))	2	1	1	1	1	0.010625
(('cys->dha', -91.01, ('C', 'Anywhere')),)	1	1	1	1	1	-0.000625
(('caf', 135.98, ('N-term', 'N-term')),)	1	1	1	1	1	0.0025
(('hne', 156.12, ('K', 'Anywhere')),)	1	1	1	1	1	0.010625
(('undefined mass shift', -43.0, ()),)	1	1	1	2	2	0.01
(('precursorerror:-2', -2.01, ('N-term', 'N-term')),)	1	1	1	19	18	0.0375
(('methylthio', 45.99, ('K', 'Anywhere')),)	1	1	1	1	1	-0.035625
(('undefined mass shift', 240.2, ()),)	1	1	1	1	1	0.010625
(('carbamyl', 43.01, ('K', 'Anywhere')),)	1	1	1	2	2	0.01375
(('deamidated', 0.98, ('N', 'Anywhere')), ('methylamine', 13.03, ('S', 'Anywhere')))	2	1	1	1	1	0.015625
(('undefined mass shift', 14.6, ()),)	1	1	1	1	1	0.01625
