PRIOR PROBABILITIES
(0.5422631525413938, 0.4577368474586062)

CHARGE STATE MODELS
Charge	Pos	Neg	Ratio
2	0.695514000499	0.440591905608	1.57859005498
3	0.250765904404	0.352468595095	0.711456021595
4	0.0537200950969	0.206939499297	0.259593239954

SPECTRUM MATCH MODELS (MULTIVARIATE GAUSSIAN OVER SPECTRUM MATCH SCORE, PEPTIDE LENGTH)
Charge 2 Pos Mean (7.072271718610043, 10.90740282630588), Pos Sigma [1.765388528606861, -1.511614852459259, -1.511614852459259, 10.331650890732911]
Charge 2 Neg Mean (1.98809941361562, 9.829583965507815), Neg Sigma [6.020137588690021, -3.4481702715551172, -3.4481702715551172, 8.978408750852694]
Charge 3 Pos Mean (6.21862401048697, 15.722879577528133), Pos Sigma [4.603022922438144, -5.627981059507286, -5.627981059507286, 20.889924848821305]
Charge 3 Neg Mean (0.6862827447644779, 15.975072712479223), Neg Sigma [3.495442419033222, -5.224735551656648, -5.224735551656648, 27.834197703617964]
Charge 4 Pos Mean (4.1579386124555455, 21.496377955798643), Pos Sigma [5.393549343790862, -13.201908101105559, -13.201908101105559, 62.896566898147704]
Charge 4 Neg Mean (-0.26882405284849525, 22.921737455819574), Neg Sigma [2.463000235573339, -7.941877573000869, -7.941877573000869, 64.5003389248064]

CONTEXT MODELS
Pos defaultdict(<function <lambda> at 0x5aa9b18>, {'n-ragged': 0.13415751453974495, 'c-ragged': 0.005439642817964596, 'full': 0.8585609036906575, 'nonspecific': 0.0018419389516292864})
Neg defaultdict(<function <lambda> at 0x8192050>, {'n-ragged': 0.3879850302005101, 'c-ragged': 0.10819551927922097, 'full': 0.15982981843639352, 'nonspecific': 0.3439896320838771})


MISSED CLEAVAGE MODELS
Num Missed	Pos	Neg	Ratio
0	0.420327407791	0.410410923741	1.02416232969
1	0.436771397131	0.33961785626	1.28606723434
2	0.11811091063	0.152935326699	0.772293185486
3	0.0223381389762	0.056888408829	0.392665912722
4	0.00195832772839	0.0227105369423	0.0862299175649
5	0.000493817743204	0.00942719005136	0.0523822836405
6	1e-40	0.00350426889632	2.85366228901e-38
7	1e-40	0.00250304921166	3.99512720462e-38
8	1e-40	0.00125152460583	7.99025440924e-38
9	1e-40	0.000750914763498	1.33170906821e-37

DB MATCH MODELS
Acc	Pos	Neg	Ratio
4	0.000211475065072	0.000500388427009	0.42262181469
5	0.0142658125438	0.106750474281	0.133636994495
6	0.0829755969922	0.551493592436	0.150456139709
7	0.144122992573	0.280562833636	0.513692390061
8	0.146206157439	0.0455617169665	3.2089694413
9	0.134624017694	0.00671859684964	20.0375198433
10	0.111613019803	0.0041925511022	26.6217434402
11	0.0972851679743	0.00139211464754	69.8830144101
12	0.0795847127595	0.00233676615896	34.0576280833
13	0.0583236762767	0.000240657975093	242.350897593
14	0.0426802089837	1e-40	4.26802089837e+38
15	0.031059360003	1e-40	3.1059360003e+38
16	0.0240868484211	0.000250307519615	96.2290244344
17	0.0128885779604	1e-40	1.28885779604e+38
18	0.00612735673528	1e-40	6.12735673528e+37
19	0.00739508571499	1e-40	7.39508571499e+37
20	0.00253545795943	1e-40	2.53545795943e+37
21	0.000845152653142	1e-40	8.45152653142e+36
22	0.00232416979614	1e-40	2.32416979614e+37
23	0.000422576326571	1e-40	4.22576326571e+36
24	0.000211288163285	1e-40	2.11288163285e+36
26	0.000211288163285	1e-40	2.11288163285e+36

UNIQUE SIBLING COUNT MODELS
Num Siblings	Pos	Neg	Ratio
1	0.179894109067	0.620401794036	0.289963876308
2	0.188830664036	0.220841155252	0.855051966291
3	0.144291140134	0.0728608610781	1.98036556251
4	0.113405864155	0.0381125513426	2.97555162695
5	0.0681169440838	0.014420363981	4.7236632982
6	0.0556196900532	0.00619732508924	8.97478980887
7	0.0302153781109	0.00425380171058	7.10314682411
8	0.0256655272569	0.00188438161817	13.6201324665
9	0.0258561549314	0.00341068682771	7.58092320918
10	0.0380931324949	0.00243047818677	15.6731019855
11	0.0188561911777	0.00344321095329	5.4763392175
12	0.0276292786844	0.00105983072417	26.0695204002
13	0.0124652544623	0.00400576889	3.11182567058
14	0.00485962631064	1e-05	485.962631064
15	0.0269117597214	0.00241045755128	11.1645856228
16	0.00698947783889	0.000230208059789	30.3615687709
17	0.00603108875053	0.00161587949406	3.73238770137
18	0.00396878119066	0.000304441738554	13.0362584628
19	0.00970198624493	0.000270768159506	35.831340962
39	0.0125979935531	0.0018460786499	6.82419113281

PPM Error DISTRIBUTIONS
PPM	Pos	Neg	Ratio
-15	0.00363627320517	0.167902033431	0.02165711237
-14.75	1e-40	0.00125152460583	7.99025440924e-38
-14.5	0.000211287746094	0.00300365954822	0.0703434402941
-14.25	0.00021109689687	0.00200266595526	0.105407942006
-14.0	3.18277370726e-12	0.00125152460206	2.54311717246e-09
-13.75	1e-40	0.000500609842332	1.99756360231e-37
-13.5	1e-40	0.000500609842332	1.99756360231e-37
-13.25	1e-40	0.00225274429049	4.43903022735e-38
-13.0	1e-40	0.000750914763498	1.33170906821e-37
-12.75	0.000211341675051	0.00250298581834	0.0844358260053
-12.5	1e-40	0.000250304921166	3.99512720462e-37
-12.25	1e-40	0.00125152460583	7.99025440924e-38
-12.0	1e-40	0.000250304921166	3.99512720462e-37
-11.75	0.00020387184747	0.00176092027088	0.115775740016
-11.5	1e-40	0.00175213444816	5.70732457803e-38
-11.25	0.000233768410993	0.00222611280985	0.105011933788
-11.0	0.000211134619818	0.00250323110867	0.0843448369935
-10.75	0.000211195991921	0.00225285348235	0.0937459952795
-10.5	0.000422443368133	0.00350442640705	0.120545652573
-10.25	0.000211892299098	0.00275263843648	0.0769778901181
-10.0	0.000469261705686	0.00495079205898	0.0947851778251
-9.75	8.83308559748e-05	0.0039002365874	0.0226475635504
-9.5	1e-40	0.00275335413283	3.63193382238e-38
-9.25	0.000352823158204	0.00358690277906	0.0983642936361
-9.0	1e-40	0.00275335413283	3.63193382238e-38
-8.75	1e-40	0.000750914763498	1.33170906821e-37
-8.5	0.000162483363322	0.0030614762143	0.0530735344482
-8.25	0.00018385854838	0.003536763701	0.0519849681584
-8.0	1e-40	0.001501829527	6.65854534103e-38
-7.75	0.000211355728703	0.00200235932719	0.105553346911
-7.5	0.000211487813263	0.00300342253638	0.0704156044319
-7.25	0.00028127644885	0.00442257616399	0.0636001367575
-7.0	0.000189146716908	0.00202866948513	0.0932368324631
-6.75	0.000191569752616	0.00477915314119	0.0400844557511
-6.5	0.000388152772958	0.00304443930755	0.127495651497
-6.25	0.000211686943395	0.00650745553093	0.0325299100991
-6.0	1e-40	0.00200243936933	4.99390900577e-38
-5.75	1.83766094873e-24	0.00375457381749	4.89445949943e-22
-5.5	0.000213741464022	0.00325105764459	0.0657452089101
-5.25	0.000413860049557	0.0045158144175	0.0916468240931
-5.0	0.000396953234341	0.0035346235834	0.11230424541
-4.75	0.000211288339801	0.000250304712055	0.844124499563
-4.5	0.000631751259066	0.00425768712267	0.148378976864
-4.25	0.000211577061131	0.00475545125604	0.0444914793022
-4.0	7.84847540671e-25	0.00275335413283	2.85051432838e-22
-3.75	1e-40	0.00325396397516	3.07317477278e-38
-3.5	0.000652408724008	0.00498412978582	0.130897218179
-3.25	0.000414132283223	0.00501610175513	0.0825605825879
-3.0	0.000632585854805	0.00375608856702	0.168416117863
-2.75	1e-40	0.00125152460583	7.99025440924e-38
-2.5	0.000303358058345	0.00639885630396	0.0474081685749
-2.25	0.00146652551606	0.00602211645564	0.243523274062
-2.0	1e-40	0.00175213444816	5.70732457803e-38
-1.75	0.000618215238957	0.00627616209188	0.0985021148127
-1.5	0.000502951110303	0.00415996675986	0.12090267527
-1.25	0.00126730261944	0.00725934780635	0.174575272221
-1.0	0.00148475221224	0.00725204859893	0.204735557406
-0.75	0.0027265202531	0.00828402320451	0.329129963279
-0.5	0.00276064754478	0.00824359392101	0.334883980365
-0.25	0.00617467815721	0.0067021730118	0.921294951106
0.0	0.00935312942309	0.00594044369209	1.57448330594
0.25	0.0157631933409	0.0098607150789	1.59858521565
0.5	0.0197260558405	0.0129255175887	1.52613276066
0.75	0.0274831909407	0.00824142801473	3.33476078315
1.0	0.0394400342169	0.0130997919029	3.01073746127
1.25	0.0494626891479	0.01574402539	3.14167996575
1.5	0.0583446295807	0.014232910991	4.09927593995
1.75	0.0653021632119	0.0147512620341	4.42688653084
2.0	0.0661664693285	0.0169813159566	3.89642766777
2.25	0.0631303601919	0.0138198442396	4.56809491464
2.5	0.0589558240212	0.0120070230317	4.91011167926
2.75	0.0597425971361	0.0130774026992	4.56838399109
3.0	0.0575621710161	0.0121562003579	4.73521078307
3.25	0.0596966726192	0.0106287584878	5.61652357494
3.5	0.0540464368301	0.0103138366638	5.24018739016
3.75	0.0461019302711	0.0107144093825	4.30279716083
4.0	0.0415945996645	0.0135510205408	3.0694809693
4.25	0.0374732673345	0.00867151174518	4.32142265798
4.5	0.0358939378359	0.0105424823642	3.40469507995
4.75	0.0292363016235	0.0114209888876	2.55987479816
5.0	0.0216983246965	0.00858660753	2.52699621133
5.25	0.013662343511	0.00884524178226	1.54459808418
5.5	0.0118289227584	0.00726265067222	1.62873354265
5.75	0.0059184045763	0.00975912455145	0.606448308462
6.0	0.00358030593554	0.00827379598836	0.432728331781
6.25	0.00359414353651	0.00525374406329	0.684110891815
6.5	0.00279895340966	0.00644607999518	0.434210157452
6.75	0.00105649688691	0.00450542215646	0.234494537963
7.0	0.00126658521772	0.00700989276328	0.180685391416
7.25	0.000790867577551	0.00456979801203	0.173064011904
7.5	1e-40	0.00125152460583	7.99025440924e-38
7.75	0.00105669220733	0.00800945966422	0.13193052361
8.0	1e-40	0.00200243936933	4.99390900577e-38
8.25	0.000410797982822	0.00351822224495	0.116762942822
8.5	0.000638282849783	0.0070033035324	0.0911402521438
8.75	1e-40	0.00250304921166	3.99512720462e-38
9.0	1e-40	0.001501829527	6.65854534103e-38
9.25	0.000310146664805	0.00463867965609	0.0668609793731
9.5	1e-40	0.00200243936933	4.99390900577e-38
9.75	1e-40	0.00100121968466	9.98781801155e-38
10.0	0.00021128958506	0.00200243768501	0.105516184919
10.25	1e-40	0.000500609842332	1.99756360231e-37
10.5	0.000205526266835	0.000757740659536	0.271235632203
10.75	0.000211288166935	0.000500609838009	0.422061555512
11.0	1e-40	0.000500609842332	1.99756360231e-37
11.25	1e-40	0.000750914763498	1.33170906821e-37
11.5	0.000177672063517	0.00154165322119	0.115247749023
11.75	1e-40	0.000750914763498	1.33170906821e-37
12.0	8.08360648068e-05	0.00315820061334	0.0255956079755
12.25	0.000209957398624	0.00175371095362	0.119721780941
12.5	0.000193554332123	0.0015228381114	0.127101056031
12.75	1e-40	0.000500609842332	1.99756360231e-37
13.0	1e-40	0.000750914763498	1.33170906821e-37
13.25	1e-40	0.000500609842332	1.99756360231e-37
13.5	1e-40	0.000750914763498	1.33170906821e-37
13.75	0.00021129956839	0.00325395046397	0.0649363199377
14.0	1e-40	0.000500609842332	1.99756360231e-37
14.25	1e-40	0.00325396397516	3.07317477278e-38
14.5	1e-40	0.00200243936933	4.99390900577e-38
14.75	1e-40	0.000250304921166	3.99512720462e-37
15	0.00562266631541	0.269175067646	0.0208885108289
MOD MODELS

MODIFIED DISTRIBUTIONS
Modified?	Pos	Neg	Ratio
No	0.756780881205	0.0331034153625	22.8611118496
Yes	0.243219118795	0.966896584637	0.251546155669

NUM MODS PER PEPTIDE DISTRIBUTIONS
Modified?	Num Mods	Pos	Neg	Ratio
No	0	1.0	1.0	0.999999999999
Yes	1	0.940323865319	0.491232468789	1.91421358535
Yes	2	0.0596761346807	0.459063617031	0.129995348067
Yes	3	1e-10	0.0445264231197	2.24585747054e-09
Yes	4	1e-10	0.00517749106045	1.93143742466e-08

MOD CONTEXT VARIANT DISTRIBUTIONS
Num Variants	Pos	Neg	Ratio
1	0.73010668348	0.985074501628	0.741169000186
2	0.210276914264	0.0104592697157	20.1043590976
3	0.0330295103197	0.00392366209145	8.41803130592
4	0.00697250938672	1e-10	69725093.8672
5	0.0105644081639	1e-10	105644081.639
6	0.0090499743853	0.000542566562239	16.679933883

MOD SIZE DISTRIBUTIONS
Modified?	Size Bin	Pos	Neg	Ratio
No	Indeterminate	1.0	1.0	0.999999999999
Yes	0	0.98581507568	0.814730892207	1.20998858041
Yes	1	1e-10	0.0585056489829	1.709236659e-09
Yes	2	0.00868046383903	0.0642028824201	0.135203646812
Yes	3	0.00367204759232	0.0291940635047	0.125780626316
Yes	4	0.00121110184095	0.011806199266	0.102581856672
Yes	5	0.000621311048575	0.0104287078399	0.0595769924821
Yes	6	1e-10	0.0033653691893	2.97144219178e-08
Yes	7	1e-10	0.00181212187118	5.51839264183e-08
Yes	8	1e-10	0.00595411471952	1.67951080405e-08

NUM MODS OCCURRENCES DISTRIBUTIONS
NUM MODS 0
Num Occurrences	Pos	Neg	Ratio
2875	1.0	1.0	1.0
NUM MODS 1
Num Occurrences	Pos	Neg	Ratio
1	0.0487055771157	0.387484928092	0.125696700916
2	0.0219320937657	0.210932997998	0.103976589599
3	0.00850929643125	0.120042650643	0.0708856092869
4	0.00548336545413	0.0764476002183	0.0717271103144
5	0.0157655340558	0.0452868280434	0.348126259597
6	0.00104519821355	0.0252262931048	0.0414328894544
7	0.0145006086985	0.0228208234111	0.635411283689
8	0.0167761816097	0.0209957786243	0.79902640954
9	0.0192222172429	0.0116956381026	1.64353728067
10	0.0076981207026	0.00720253955559	1.06880644572
11	0.00668903949683	0.0141020285533	0.474331722669
12	0.00466875001402	0.0105115529643	0.444154163508
13	0.00375404161558	0.0052364410288	0.716907073894
18	0.00839995076143	0.0052212249685	1.60880843329
28	0.0267615603846	0.000544102386447	49.184787737
33	0.00855801759845	0.0135628974262	0.630987415855
46	0.0473337267813	0.00303785058617	15.5813215425
68	0.0706620003199	0.00712137224364	9.92252587035
79	0.0907216262684	0.00358360996821	25.3157087611
82	0.092737379329	0.00190677419865	48.6357427087
445	0.480075714143	0.00703606788432	68.2306825397
NUM MODS 2
Num Occurrences	Pos	Neg	Ratio
1	0.17753588402	0.97603284969	0.181895398374
2	0.23411333128	0.0179989621891	13.0070461185
3	0.0290230837052	0.000567453323183	51.1462044885
4	0.145091376246	0.00114644190412	126.557984076
5	0.0873429833971	1e-10	873429833.971
6	0.193351476975	0.00266044340213	72.6764105639
9	0.133541864384	0.00159384949197	83.7857432947
NUM MODS 3
Num Occurrences	Pos	Neg	Ratio
1	1.0	1.0	1.0
NUM MODS 4
Num Occurrences	Pos	Neg	Ratio
1	1.0	1.0	1.0

NUMBER SINGLE MODS ON SAME CONTEXT (FOR MULTI-MODDED PEPTIDES)
Num Mods	Num Single Mods Found	Pos	Neg	Ratio
0	0	1.0	1.0	1.0
1	1	1.0	1.0	1.0
2	0	0.417713444101	0.999999999997	0.417713444102
2	1	0.39304342521	1e-10	3930434252.1
2	2	0.189243130692	1e-10	1892431306.92
3	0	1.0	1.0	1.0
4	0	1.0	1.0	1.0

MOD CLASS DISTRIBUTIONS
Modified?	Mod Class	Pos	Neg	Ratio
No	Unmodified	1.0	1.0	0.999999999999
Yes	Defined Mod	0.927766396714	0.417312190966	2.22319504869
Yes	AA Sub	0.0114353821371	0.239675495615	0.0477119369579
Yes	Undefined Mod	0.0517589870122	0.273479977861	0.189260608462
Yes	Insertion/Deletion	0.00903923413653	0.069532335558	0.130000438846

NUM MODS CONSIDERED 3104

Mod	Length	Over Cutoff (0.990000)	Over Cutoff Unique	Total	Unique	Average Error
()	0	3458	2641	3714	2875	0.00673040775014
(('carbamyl', 43.01, ('N-term', 'N-term')),)	1	514	427	533	445	0.00667558365759
(('oxidation', 15.99, ('M', 'Anywhere')),)	1	97	71	105	79	0.0057087628866
(('deamidated', 0.98, ('N', 'Anywhere')),)	1	95	73	104	82	0.00652631578947
(('acetyl', 42.01, ('N-term', 'N-term')),)	1	64	46	90	68	0.0065625
(('phospho', 79.97, ('S', 'Anywhere')),)	1	50	39	57	46	0.006875
(('gln->pyro-glu', -17.03, ('Q', 'N-term')),)	1	28	26	30	28	0.00816964285714
(('pyro-carbamidomethyl', -17.03, ('C', 'N-term')),)	1	16	9	16	9	0.0041015625
(('phospho', 79.97, ('S', 'Anywhere')), ('phospho', 79.97, ('S', 'Anywhere')))	2	11	5	12	6	-0.000681818181818
(('carbamyl', 43.01, ('N-term', 'N-term')), ('deamidated', 0.98, ('N', 'Anywhere')))	2	8	5	12	9	0.005703125
(('glu->pyro-glu', -18.01, ('E', 'N-term')),)	1	8	7	8	7	0.006875
(('precursorerror:-1', -1.0, ('N-term', 'N-term')),)	1	7	6	19	18	0.00991071428571
(('dethiomethyl', -48.0, ('M', 'Anywhere')),)	1	7	6	9	8	0.00642857142857
(('insertion', 128.09, 'K'),)	1	7	6	35	33	0.009375
(('carbamyl', 43.01, ('N-term', 'N-term')), ('oxidation', 15.99, ('M', 'Anywhere')))	2	6	5	6	5	0.0040625
(('dehydrated', -18.01, ('T', 'Anywhere')),)	1	6	4	12	10	0.00364583333333
(('carbamyl', 43.01, ('N-term', 'N-term')), ('phospho', 79.97, ('S', 'Anywhere')))	2	5	3	6	4	0.006375
(('dehydrated', -18.01, ('S', 'Anywhere')),)	1	5	4	13	12	0.006625
(('acetyl', 42.01, ('N-term', 'N-term')), ('oxidation', 15.99, ('M', 'Anywhere')))	2	4	3	6	4	-0.00046875
(('methyl', -43.01, ('C', 'Anywhere')),)	1	4	4	7	7	0.0071875
(('glu->pyro-glu', -18.01, ('E', 'N-term')), ('phospho', 79.97, ('S', 'Anywhere')))	2	4	2	4	2	0.0125
(('deamidated', 0.98, ('R', 'Anywhere')),)	1	4	4	9	8	0.00875
(('dehydrated', -18.01, ('D', 'Anywhere')),)	1	3	3	5	5	0.00854166666667
(('dimethyl', 28.03, ('R', 'Anywhere')),)	1	3	3	8	8	0.00708333333333
(('deamidated', 0.98, ('N', 'Anywhere')), ('oxidation', 15.99, ('M', 'Anywhere')))	2	3	2	3	2	0.00729166666667
(('lys', 128.09, ('C-term', 'C-term')),)	1	3	3	7	5	0.00520833333333
(('precursorerror:-2', -2.01, ('N-term', 'N-term')),)	1	3	3	14	13	0.0375
(('didehydro', -2.02, ('S', 'Anywhere')),)	1	2	2	5	5	0.0165625
(('dioxidation', 31.99, ('W', 'Anywhere')), ('oxidation', 15.99, ('M', 'Anywhere')))	2	2	2	2	2	0.0034375
(('undefined mass shift', -5.0, ()),)	1	2	2	5	5	-0.004375
(('thr->ser', -14.02, ('T', 'Anywhere')),)	1	2	1	4	3	0.00625
(('asn->thr', -13.0, ('N', 'Anywhere')),)	1	2	1	3	2	-0.036875
(('oxidation', 15.99, ('M', 'Anywhere')), ('precursorerror:-1', -1.0, ('N-term', 'N-term')))	2	2	2	3	3	0.014375
(('undefined mass shift', 22.0, ()),)	1	2	1	2	1	-0.01875
(('ammonia-loss', -17.03, ('N', 'Anywhere')),)	1	2	2	2	2	0.0028125
(('acetyl', 42.01, ('N-term', 'N-term')), ('deamidated', 0.98, ('N', 'Anywhere')))	2	2	2	2	2	-0.0096875
(('dehydrated', -18.01, ('Y', 'Anywhere')),)	1	2	2	5	5	0.0078125
(('oxidation', 15.99, ('M', 'Anywhere')), ('trp->kynurenin', 3.99, ('W', 'Anywhere')))	2	2	2	2	2	0.0075
(('precursorerror:-3', -3.01, ('N-term', 'N-term')),)	1	2	2	9	9	-0.0134375
(('carbamyl', 43.01, ('N-term', 'N-term')), ('deamidated', 0.98, ('R', 'Anywhere')))	2	2	2	2	2	0.0059375
(('precursorerror:+1', 1.0, ('N-term', 'N-term')),)	1	2	2	11	11	-0.0103125
(('undefined mass shift', 578.2, ()),)	1	1	1	1	1	0.011875
(('undefined mass shift', 12.0, ()),)	1	1	1	1	1	0.004375
(('delta:h(4)c(2)o(-1)s(1)', 44.01, ('S', 'Anywhere')),)	1	1	1	5	4	-0.015625
(('undefined mass shift', 560.3, ()),)	1	1	1	1	1	0.006875
(('undefined mass shift', 544.3, ()),)	1	1	1	1	1	0.01
(('oxidation', 15.99, ('M', 'Anywhere')), ('precursorerror:+2', 2.01, ('N-term', 'N-term')))	2	1	1	1	1	-0.025625
(('methyl', 14.02, ('D', 'Anywhere')),)	1	1	1	2	2	0.008125
(('gln->arg', 28.04, ('Q', 'Anywhere')),)	1	1	1	4	4	0.0075
(('carbamidomethyl', 57.02, ('N-term', 'N-term')),)	1	1	1	10	10	0.01
(('dethiomethyl', -48.0, ('M', 'Anywhere')), ('undefined mass shift', 105.0, ()))	2	1	1	1	1	0.01375
(('deamidated', 0.98, ('N', 'Anywhere')), ('phospho', 79.97, ('S', 'Anywhere')))	2	1	1	1	1	0.006875
(('undefined mass shift', -86.0, ()),)	1	1	1	2	2	0.0075
(('phosphoribosyldephosphocoa', 881.15, ('S', 'Anywhere')),)	1	1	1	1	1	0.00125
(('formyl', 27.99, ('S', 'Anywhere')),)	1	1	1	5	5	0.004375
(('acetyl', 42.01, ('N-term', 'N-term')), ('dehydrated', -18.01, ('T', 'Anywhere')))	2	1	1	1	1	-0.011875
(('delta:h(2)c(2)', 26.02, ('N-term', 'N-term')),)	1	1	1	7	7	-0.0375
(('dioxidation', 31.99, ('W', 'Anywhere')),)	1	1	1	1	1	0.004375
(('precursorerror:+2', 2.01, ('N-term', 'N-term')),)	1	1	1	7	7	0.011875
(('undefined mass shift', 616.2, ()),)	1	1	1	1	1	-0.00125
(('undefined mass shift', 577.3, ()),)	1	1	1	1	1	0.010625
(('undefined mass shift', 45.0, ()),)	1	1	1	3	3	0.006875
(('undefined mass shift', 39.0, ()),)	1	1	1	1	1	-0.003125
(('deamidated', 0.98, ('Q', 'Anywhere')),)	1	1	1	2	2	0.030625
(('undefined mass shift', 3.0, ()),)	1	1	1	1	1	0.010625
(('carbamidomethyldtt', 152.0, ('C', 'Anywhere')),)	1	1	1	1	1	0.005
(('methyl', 14.02, ('R', 'Anywhere')),)	1	1	1	3	3	0.004375
(('undefined mass shift', -72.0, ()),)	1	1	1	3	3	0.01625
(('dethiomethyl', -48.0, ('M', 'Anywhere')), ('methyl', 14.02, ('H', 'Anywhere')))	2	1	1	1	1	0.003125
(('delta:h(4)c(2)o(-1)s(1)', 44.01, ('S', 'Anywhere')), ('insertion', 128.09, 'K'))	2	1	1	1	1	0.010625
(('gly->thr', 44.03, ('G', 'Anywhere')),)	1	1	1	2	2	0.0075
(('methyl', 14.02, ('N-term', 'N-term')), ('oxidation', 15.99, ('M', 'Anywhere')))	2	1	1	2	2	0.01
(('glu->gln', -0.98, ('E', 'Anywhere')),)	1	1	1	1	1	-0.0075
(('undefined mass shift', -36.0, ()),)	1	1	1	1	1	0.0
(('undefined mass shift', -4.0, ()),)	1	1	1	2	2	-0.00625
(('lys->asn', -14.05, ('K', 'Anywhere')),)	1	1	1	1	1	0.006875
(('undefined mass shift', 152.0, ()),)	1	1	1	1	1	-0.01625
(('nda', 175.04, ('N-term', 'N-term')),)	1	1	1	8	8	0.015625
(('carbamyl', 43.01, ('N-term', 'N-term')), ('phospho', 79.97, ('K', 'Anywhere')))	2	1	1	1	1	0.0025
(('undefined mass shift', 987.4, ()),)	1	1	1	1	1	0.011875
(('undefined mass shift', 4.0, ()),)	1	1	1	1	1	0.018125
(('hexnac', 203.08, ('T', 'Anywhere')),)	1	1	1	2	2	0.01125
(('undefined mass shift', -2.0, ()),)	1	1	1	1	1	0.0075
(('cys->dha', -91.01, ('C', 'Anywhere')),)	1	1	1	1	1	-0.000625
(('undefined mass shift', -18.0, ()),)	1	1	1	2	2	0.00375
(('caf', 135.98, ('N-term', 'N-term')),)	1	1	1	1	1	0.0025
(('undefined mass shift', -43.0, ()),)	1	1	1	2	2	0.01
(('gly->ala', 14.02, ('G', 'Anywhere')),)	1	1	1	2	2	0.006875
(('methylthio', 45.99, ('K', 'Anywhere')),)	1	1	1	1	1	-0.035625
(('phospho', 79.97, ('K', 'Anywhere')),)	1	1	1	4	4	0.00375
(('undefined mass shift', 240.2, ()),)	1	1	1	1	1	0.010625
(('carbamyl', 43.01, ('K', 'Anywhere')),)	1	1	1	3	3	0.01375
(('deamidated', 0.98, ('N', 'Anywhere')), ('methylamine', 13.03, ('S', 'Anywhere')))	2	1	1	1	1	0.015625
